2020-03-09 09:40:41|   0.0|  0.0|INFORM|FME 2019.2.3.0 (20200131 - Build 19822 - linux-x64)
2020-03-09 09:40:41|   0.0|  0.0|INFORM|FME_HOME is '/opt/fme-desktop-2019/'
2020-03-09 09:40:41|   0.0|  0.0|INFORM|FME Database Edition (floating)
2020-03-09 09:40:41|   0.0|  0.0|INFORM|Permanent License.
2020-03-09 09:40:41|   0.0|  0.0|INFORM|Machine host name is: vanguard-zorin
2020-03-09 09:40:41|   0.0|  0.0|INFORM|START - ProcessID: 31216, peak process memory usage: 16593 kB, current process memory usage: 16593 kB
2020-03-09 09:40:41|   0.0|  0.0|INFORM|FME Configuration: Command line arguments are `/opt/fme-desktop-2019//bin/fme' `/home/vanguard/Dropbox/COVID-19/wb-xlate-1583718039836_16695' `LOG_STANDARDOUT' `YES' `LogCountServerName' `{c87bcb63-11d1-4851-8954-c205e3e09e51}'
2020-03-09 09:40:41|   0.0|  0.0|INFORM|FME Configuration: Connection Storage: '/home/vanguard//.Safe Software/FME/'
2020-03-09 09:40:41|   0.1|  0.0|INFORM|Shared folders for formats are : /opt/fme-desktop-2019/datasources;/home/vanguard/.fme/Formats
2020-03-09 09:40:41|   0.1|  0.0|INFORM|Shared folders for transformers are : /home/vanguard/.Safe Software/FME/Packages/19822-linux-x64/transformers;/opt/fme-desktop-2019/transformers;/home/vanguard/.Safe Software/FME/FME Store/Transformers
2020-03-09 09:40:41|   0.1|  0.0|INFORM|Shared folders for coordinate systems are : /home/vanguard/.fme/CoordinateSystems
2020-03-09 09:40:41|   0.1|  0.0|INFORM|Shared folders for coordinate system exceptions are : /home/vanguard/.fme/CoordinateSystemExceptions
2020-03-09 09:40:41|   0.1|  0.0|INFORM|Shared folders for coordinate system grid overrides are : /home/vanguard/.fme/CoordinateSystemGridOverrides
2020-03-09 09:40:41|   0.1|  0.0|INFORM|Shared folders for CS-MAP transformation exceptions are : /home/vanguard/.fme/CsmapTransformationExceptions
2020-03-09 09:40:41|   0.1|  0.0|INFORM|Shared folders for transformer categories are : /home/vanguard/.fme/TransformerCategories
2020-03-09 09:40:41|   0.1|  0.0|INFORM|FME Configuration: Reader Keyword is `MULTI_READER'
2020-03-09 09:40:41|   0.1|  0.0|INFORM|FME Configuration: Writer Keyword is `MULTI_WRITER'
2020-03-09 09:40:41|   0.1|  0.0|INFORM|FME Configuration: Writer Group Definition Keyword is `MULTI_WRITER_DEF'
2020-03-09 09:40:41|   0.1|  0.0|INFORM|FME Configuration: Reader type is `MULTI_READER'
2020-03-09 09:40:41|   0.1|  0.0|INFORM|FME Configuration: Writer type is `MULTI_WRITER'
2020-03-09 09:40:41|   0.1|  0.0|INFORM|FME Configuration: No destination coordinate system set
2020-03-09 09:40:41|   0.1|  0.0|INFORM|FME Configuration: Current working folder is `/home/vanguard/Dropbox/COVID-19'
2020-03-09 09:40:41|   0.1|  0.0|INFORM|FME Configuration: Temporary folder is in the system location `/tmp'
2020-03-09 09:40:41|   0.1|  0.0|INFORM|FME Configuration: FME_HOME is `/opt/fme-desktop-2019/'
2020-03-09 09:40:41|   0.1|  0.0|INFORM|FME Configuration: FME_BASE is 'no'
2020-03-09 09:40:41|   0.1|  0.0|INFORM|FME Configuration: FME_MF_DIR is '/home/vanguard/Dropbox/COVID-19/'
2020-03-09 09:40:41|   0.1|  0.0|INFORM|FME Configuration: FME_MF_NAME is 'covid_process.fmw'
2020-03-09 09:40:41|   0.1|  0.0|INFORM|FME Configuration: FME_PRODUCT_NAME is 'FME(R) 2019.2.3.0'
2020-03-09 09:40:41|   0.1|  0.0|INFORM|System Status: 157.33 GB of disk space available in the FME temporary folder (/tmp)
2020-03-09 09:40:41|   0.1|  0.0|INFORM|System Status: 27.48 GB of virtual memory available
2020-03-09 09:40:41|   0.1|  0.0|INFORM|Operating System: Zorin OS 12.4
2020-03-09 09:40:41|   0.1|  0.0|INFORM|FME Platform: linux-x64
2020-03-09 09:40:41|   0.1|  0.0|INFORM|The memory allocator being used by FME is : `/usr/lib/libtcmalloc_minimal.so.4'
2020-03-09 09:40:41|   0.1|  0.0|INFORM|Locale: en_US
2020-03-09 09:40:41|   0.1|  0.0|INFORM|FME Configuration: Process limits are 31.37 GB of physical memory and 27.48 GB of address space
2020-03-09 09:40:41|   0.1|  0.0|INFORM|FME Configuration: Start freeing memory when process usage exceeds 26.31 GB of memory or 26.89 GB of address space
2020-03-09 09:40:41|   0.1|  0.0|INFORM|FME Configuration: Stop freeing memory when process usage is below 19.73 GB of memory and 20.17 GB of address space
2020-03-09 09:40:41|   0.1|  0.0|INFORM|FME Configuration: Logging ungrouped output features
2020-03-09 09:40:41|   0.1|  0.0|INFORM|FME Configuration: Logging uncorrelated input features
2020-03-09 09:40:41|   0.1|  0.0|INFORM|FME Configuration: Dumping mapping file
2020-03-09 09:40:41|   0.1|  0.0|INFORM|FME Temporary Folder: /tmp
2020-03-09 09:40:41|   0.1|  0.0|INFORM|mapping file Line 0: `FME_NAMES_UTF8' `NO'
2020-03-09 09:40:41|   0.1|  0.0|INFORM|mapping file Line 1: `FME_PYTHON_VERSION' `37'
2020-03-09 09:40:41|   0.1|  0.0|INFORM|mapping file Line 2: `GUI' `IGNORE' `SourceDataset_CSV2_1,CSV2_IN_FIELDS_GROUP_CSV2_1,CSV2_IN_DELIMITER_CSV2_1,CSV2_IN_FIELD_NAMES_LINE_CSV2_1,CSV2_IN_DATA_START_LINE_CSV2_1,CSV2_IN_ADVANCED_GROUP_CSV2_1,CSV2_IN_FIELD_SEPARATION_GROUP_CSV2_1,CSV2_IN_SKIP_DUPLICATE_DELIMITERS_CSV2_1,CSV2_IN_FIELD_QUALIFIER_CHARACTER_CSV2_1,CSV2_IN_FIELD_QUALIFIER_ESCAPE_CHARACTER_CSV2_1,CSV2_IN_FIELD_NAMES_GROUP_CSV2_1,CSV2_IN_CASE_SENSITIVE_FIELD_NAMES_CSV2_1,CSV2_IN_ENFORCE_STRICT_SCHEMA_CSV2_1,CSV2_IN_FIELD_VALUES_GROUP_CSV2_1,CSV2_IN_TRIM_FIELD_VALUE_QUALIFIERS_CSV2_1,CSV2_IN_ENCODING_GROUP_CSV2_1,CSV2_IN_ENCODING_CSV2_1,CSV2_IN_PRESERVE_SOURCE_ENCODING_CSV2_1,CSV2_IN_SKIPPED_LINES_GROUP_CSV2_1,CSV2_IN_READ_SKIPPED_LINES_CSV2_1,CSV2_IN_NETWORK_AUTHENTICATION_CSV2_1,SourceDataset_CSV2_2,CSV2_IN_FIELDS_GROUP_CSV2_2,CSV2_IN_DELIMITER_CSV2_2,CSV2_IN_FIELD_NAMES_LINE_CSV2_2,CSV2_IN_DATA_START_LINE_CSV2_2,CSV2_IN_ADVANCED_GROUP_CSV2_2,CSV2_IN_FIELD_SEPARATION_GROUP_CSV2_2,CSV2_IN_SKIP_DUPLICATE_DELIMITERS_CSV2_2,CSV2_IN_FIELD_QUALIFIER_CHARACTER_CSV2_2,CSV2_IN_FIELD_QUALIFIER_ESCAPE_CHARACTER_CSV2_2,CSV2_IN_FIELD_NAMES_GROUP_CSV2_2,CSV2_IN_CASE_SENSITIVE_FIELD_NAMES_CSV2_2,CSV2_IN_ENFORCE_STRICT_SCHEMA_CSV2_2,CSV2_IN_FIELD_VALUES_GROUP_CSV2_2,CSV2_IN_TRIM_FIELD_VALUE_QUALIFIERS_CSV2_2,CSV2_IN_ENCODING_GROUP_CSV2_2,CSV2_IN_ENCODING_CSV2_2,CSV2_IN_PRESERVE_SOURCE_ENCODING_CSV2_2,CSV2_IN_SKIPPED_LINES_GROUP_CSV2_2,CSV2_IN_READ_SKIPPED_LINES_CSV2_2,CSV2_IN_NETWORK_AUTHENTICATION_CSV2_2,SourceDataset_CSV2_3,CSV2_IN_FIELDS_GROUP_CSV2_3,CSV2_IN_DELIMITER_CSV2_3,CSV2_IN_FIELD_NAMES_LINE_CSV2_3,CSV2_IN_DATA_START_LINE_CSV2_3,CSV2_IN_ADVANCED_GROUP_CSV2_3,CSV2_IN_FIELD_SEPARATION_GROUP_CSV2_3,CSV2_IN_SKIP_DUPLICATE_DELIMITERS_CSV2_3,CSV2_IN_FIELD_QUALIFIER_CHARACTER_CSV2_3,CSV2_IN_FIELD_QUALIFIER_ESCAPE_CHARACTER_CSV2_3,CSV2_IN_FIELD_NAMES_GROUP_CSV2_3,CSV2_IN_CASE_SENSITIVE_FIELD_NAMES_CSV2_3,CSV2_IN_ENFORCE_STRICT_SCHEMA_CSV2_3,CSV2_IN_FIELD_VALUES_GROUP_CSV2_3,CSV2_IN_TRIM_FIELD_VALUE_QUALIFIERS_CSV2_3,CSV2_IN_ENCODING_GROUP_CSV2_3,CSV2_IN_ENCODING_CSV2_3,CSV2_IN_PRESERVE_SOURCE_ENCODING_CSV2_3,CSV2_IN_SKIPPED_LINES_GROUP_CSV2_3,CSV2_IN_READ_SKIPPED_LINES_CSV2_3,CSV2_IN_NETWORK_AUTHENTICATION_CSV2_3,DestDataset_CSV2_4,CSV2_OUT_DATASET_GROUP_CSV2_4,CSV2_OUT_EXTENSION_CSV2_4,CSV2_OUT_FIELDS_GROUP_CSV2_4,CSV2_OUT_DELIMITER_CSV2_4,CSV2_OUT_ENCODING_GROUP_CSV2_4,CSV2_OUT_ENCODING_CSV2_4,CSV2_OUT_WRITE_BOM_FOR_UNICODE_CSV2_4,CSV2_OUT_ADVANCED_GROUP_CSV2_4,CSV2_OUT_QUALIFY_FIELD_NAMES_CSV2_4,CSV2_OUT_QUALIFY_FIELD_VALUES_CSV2_4,CSV2_OUT_UNQUALIFIED_FIELD_VALUE_HANDLING_CSV2_4,CSV2_OUT_FIELD_QUALIFIER_CHARACTER_CSV2_4,CSV2_OUT_FIELD_QUALIFIER_ESCAPE_CHARACTER_CSV2_4,CSV2_OUT_ROW_TERMINATION_CSV2_4,CSV2_OUT_WRITE_SCHEMA_FILE_CSV2_4,CSV2_OUT_EXISTING_SCHEMA_FILE_HANDLING_CSV2_4'
2020-03-09 09:40:41|   0.1|  0.0|INFORM|mapping file Line 3: `GUI' `MULTIFILE' `SourceDataset_CSV2' `CSV/Compressed_CSV/TEXT_Files(*.csv;*.gz;*.txt)|*.csv;*.gz;*.txt|CSV_Files(*.csv)|*.csv|Compressed_CSV_Files(*.gz)|*.gz|Text_Files(*.txt)|*.txt|Compressed_Files(*.bz2;*.gz)|*.bz2;*.gz|Archive_Files(*.7z;*.7zip;*.rar;*.rvz;*.tar;*.tar.bz2;*.tar.gz;*.tgz;*.zip;*.zipx)|*.7z;*.7zip;*.rar;*.rvz;*.tar;*.tar.bz2;*.tar.gz;*.tgz;*.zip;*.zipx|All_Files|*' `Source' `CSV' `(CommaSeparatedValue)' `File(s):'
2020-03-09 09:40:41|   0.1|  0.0|INFORM|mapping file Line 4: `GUI' `MULTIFILE' `SourceDataset_CSV2_5' `CSV/Compressed_CSV/TEXT_Files(*.csv;*.gz;*.txt)|*.csv;*.gz;*.txt|CSV_Files(*.csv)|*.csv|Compressed_CSV_Files(*.gz)|*.gz|Text_Files(*.txt)|*.txt|Compressed_Files(*.bz2;*.gz)|*.bz2;*.gz|Archive_Files(*.7z;*.7zip;*.rar;*.rvz;*.tar;*.tar.bz2;*.tar.gz;*.tgz;*.zip;*.zipx)|*.7z;*.7zip;*.rar;*.rvz;*.tar;*.tar.bz2;*.tar.gz;*.tgz;*.zip;*.zipx|All_Files|*' `Source' `CSV' `(CommaSeparatedValue)' `File(s):'
2020-03-09 09:40:41|   0.1|  0.0|INFORM|mapping file Line 5: `GUI' `MULTIFILE' `SourceDataset_CSV2_4' `CSV/Compressed_CSV/TEXT_Files(*.csv;*.gz;*.txt)|*.csv;*.gz;*.txt|CSV_Files(*.csv)|*.csv|Compressed_CSV_Files(*.gz)|*.gz|Text_Files(*.txt)|*.txt|Compressed_Files(*.bz2;*.gz)|*.bz2;*.gz|Archive_Files(*.7z;*.7zip;*.rar;*.rvz;*.tar;*.tar.bz2;*.tar.gz;*.tgz;*.zip;*.zipx)|*.7z;*.7zip;*.rar;*.rvz;*.tar;*.tar.bz2;*.tar.gz;*.tgz;*.zip;*.zipx|All_Files|*' `Source' `CSV' `(CommaSeparatedValue)' `File(s):'
2020-03-09 09:40:41|   0.1|  0.0|INFORM|mapping file Line 6: `GUI' `DIRNAME' `DestDataset_CSV2' `Destination' `CSV' `(CommaSeparatedValue)' `Folder:'
2020-03-09 09:40:41|   0.1|  0.0|INFORM|mapping file Line 7: `GUI' `IGNORE' `OPTIONAL' `DIRNAME_SRC' `FME_SHAREDRESOURCE_LOG' `FME' `Server' `Logs' `Directory:'
2020-03-09 09:40:41|   0.1|  0.0|INFORM|mapping file Line 8: `GUI' `IGNORE' `OPTIONAL' `DIRNAME_SRC' `FME_SHAREDRESOURCE_ENGINE' `FME' `Server' `Engine' `Directory:'
2020-03-09 09:40:41|   0.1|  0.0|INFORM|mapping file Line 9: `GUI' `IGNORE' `OPTIONAL' `STRING' `FME_TOPIC' `FME' `Server' `Topic:'
2020-03-09 09:40:41|   0.1|  0.0|INFORM|mapping file Line 10: `GUI' `IGNORE' `OPTIONAL' `DIRNAME_SRC' `FME_SHAREDRESOURCE_BACKUP' `FME' `Server' `Backup' `Directory:'
2020-03-09 09:40:41|   0.1|  0.0|INFORM|mapping file Line 11: `GUI' `IGNORE' `OPTIONAL' `STRING' `FME_ENGINE' `FME' `Server' `Engine:'
2020-03-09 09:40:41|   0.1|  0.0|INFORM|mapping file Line 12: `GUI' `IGNORE' `OPTIONAL' `STRING' `FME_SERVER_WEB_URL' `FME' `Server' `Web' `URL:'
2020-03-09 09:40:41|   0.1|  0.0|INFORM|mapping file Line 13: `GUI' `IGNORE' `OPTIONAL' `FILENAME_EXISTING' `FME_TOPIC_MESSAGE' `All_Files(*)|*' `FME' `Server' `Topic' `Message:'
2020-03-09 09:40:41|   0.1|  0.0|INFORM|mapping file Line 14: `GUI' `IGNORE' `OPTIONAL' `DIRNAME_SRC' `FME_SERVER_DEST_DIR' `FME' `Server' `Destination' `Directory:'
2020-03-09 09:40:41|   0.1|  0.0|INFORM|mapping file Line 15: `GUI' `IGNORE' `OPTIONAL' `STRING' `FME_SECURITY_USER' `FME' `Server' `Security' `User:'
2020-03-09 09:40:41|   0.1|  0.0|INFORM|mapping file Line 16: `GUI' `IGNORE' `OPTIONAL' `STRING' `FME_DATA_REPOSITORY' `FME' `Server' `Data' `Repository:'
2020-03-09 09:40:41|   0.1|  0.0|INFORM|mapping file Line 17: `GUI' `IGNORE' `OPTIONAL' `STRING' `FME_SERVER_HOST' `FME' `Server' `Host:'
2020-03-09 09:40:41|   0.1|  0.0|INFORM|mapping file Line 18: `GUI' `IGNORE' `OPTIONAL' `STRING' `FME_SERVER_REQUEST_PARAMETERS' `FME' `Server' `Request' `Parameters:'
2020-03-09 09:40:41|   0.1|  0.0|INFORM|mapping file Line 19: `GUI' `IGNORE' `OPTIONAL' `STRING' `FME_SERVER_REQUEST_HEADERS' `FME' `Server' `Request' `Headers:'
2020-03-09 09:40:41|   0.1|  0.0|INFORM|mapping file Line 20: `GUI' `IGNORE' `OPTIONAL' `STRING' `FME_SERVER_PORT' `FME' `Server' `Port:'
2020-03-09 09:40:41|   0.1|  0.0|INFORM|mapping file Line 21: `GUI' `IGNORE' `OPTIONAL' `STRING' `FME_SECURITY_ROLES' `FME' `Server' `Security' `Roles:'
2020-03-09 09:40:41|   0.1|  0.0|INFORM|mapping file Line 22: `GUI' `IGNORE' `OPTIONAL' `STRING' `FME_JOB_ID' `FME' `Server' `Job' `ID:'
2020-03-09 09:40:41|   0.1|  0.0|INFORM|mapping file Line 23: `GUI' `IGNORE' `OPTIONAL' `DIRNAME_SRC' `FME_SHAREDRESOURCE_DATA' `FME' `Server' `Data' `Directory:'
2020-03-09 09:40:41|   0.1|  0.0|INFORM|mapping file Line 24: `GUI' `IGNORE' `OPTIONAL' `STRING' `FME_SERVER_REQUEST_URI' `FME' `Server' `Request' `URI:'
2020-03-09 09:40:41|   0.1|  0.0|INFORM|mapping file Line 25: `GUI' `IGNORE' `OPTIONAL' `DIRNAME_SRC' `FME_SHAREDRESOURCE_TEMP' `FME' `Server' `Temporary' `Resource' `Directory:'
2020-03-09 09:40:41|   0.1|  0.0|INFORM|mapping file Line 26: `GUI' `IGNORE' `OPTIONAL' `DIRNAME_SRC' `FME_SHAREDRESOURCE_SYSTEM' `FME' `Server' `System' `Directory:'
2020-03-09 09:40:41|   0.1|  0.0|INFORM|mapping file Line 27: `GUI' `IGNORE' `OPTIONAL' `DIRNAME_SRC' `FME_SHAREDRESOURCE_DASHBOARD' `FME' `Server' `Dashboards' `Directory:'
2020-03-09 09:40:41|   0.1|  0.0|INFORM|mapping file Line 28: `GUI' `IGNORE' `OPTIONAL' `STRING' `FME_SERVER_REQUEST_METHOD' `FME' `Server' `Request' `Method:'
2020-03-09 09:40:41|   0.1|  0.0|INFORM|mapping file Line 29: `READER_TYPE' `MULTI_READER'
2020-03-09 09:40:41|   0.1|  0.0|INFORM|mapping file Line 30: `MULTI_READER_TYPE{0}' `NULL'
2020-03-09 09:40:41|   0.1|  0.0|INFORM|mapping file Line 31: `MULTI_READER_FORMAT{0}' `CSV2'
2020-03-09 09:40:41|   0.1|  0.0|INFORM|mapping file Line 32: `MULTI_READER_KEYWORD{0}' `CSV2_1'
2020-03-09 09:40:41|   0.1|  0.0|INFORM|mapping file Line 33: `MULTI_READER_GEN_DIRECTIVES{0}' `SKIP_DUPLICATE_DELIMITERS,No,SCAN_MAX_ROWS,1000,DATASET_GROUP,,SCHEMA,,CASE_SENSITIVE_FIELD_NAMES,Yes,FIELD_QUALIFIER_ESCAPE_CHARACTER,<lt>quote<gt>,PRESERVE_SOURCE_ENCODING,No,USE_CUSTOM_SCHEMA,NO,ENCODING_GROUP,,FIELD_QUALIFIER_CHARACTER,<lt>quote<gt>,TRIM_FIELD_VALUE_QUALIFIERS,Yes,FIELD_NAMES_LINE,1,FIELD_SEPARATION_GROUP,,TRIM_FIELD_NAME_QUALIFIERS,Yes,FEATURE_TYPE_NAME,FORMAT_NAME,EXPOSE_ATTRS_GROUP,,SCHEMA_GENERATION_GROUP,,SCAN_ADDITIONAL_FIELDS,No,SCAN_TYPES,No,CSV2_EXPOSE_FORMAT_ATTRS,,FIELDS_GROUP,,_MERGE_SCHEMAS,YES,ENCODING,UTF-8,ADVANCED_GROUP,,DELIMITER,auto,PREVIEW_PLACEHOLDER,,DATA_START_LINE,2,ENFORCE_STRICT_SCHEMA,No,READ_SKIPPED_LINES,No,SKIPPED_LINES_GROUP,,QUERY_FEATURE_TYPES_FOR_MERGE_FILTERS,Yes,FIELD_VALUES_GROUP,,FIELD_NAMES_GROUP,'
2020-03-09 09:40:41|   0.1|  0.0|INFORM|mapping file Line 34: `MULTI_READER_TYPE{1}' `NULL'
2020-03-09 09:40:41|   0.1|  0.0|INFORM|mapping file Line 35: `MULTI_READER_FORMAT{1}' `CSV2'
2020-03-09 09:40:41|   0.1|  0.0|INFORM|mapping file Line 36: `MULTI_READER_KEYWORD{1}' `CSV2_2'
2020-03-09 09:40:41|   0.1|  0.0|INFORM|mapping file Line 37: `MULTI_READER_GEN_DIRECTIVES{1}' `SKIP_DUPLICATE_DELIMITERS,No,SCAN_MAX_ROWS,1000,DATASET_GROUP,,SCHEMA,,CASE_SENSITIVE_FIELD_NAMES,Yes,FIELD_QUALIFIER_ESCAPE_CHARACTER,<lt>quote<gt>,PRESERVE_SOURCE_ENCODING,No,USE_CUSTOM_SCHEMA,NO,ENCODING_GROUP,,FIELD_QUALIFIER_CHARACTER,<lt>quote<gt>,TRIM_FIELD_VALUE_QUALIFIERS,Yes,FIELD_NAMES_LINE,1,FIELD_SEPARATION_GROUP,,TRIM_FIELD_NAME_QUALIFIERS,Yes,FEATURE_TYPE_NAME,FORMAT_NAME,EXPOSE_ATTRS_GROUP,,SCHEMA_GENERATION_GROUP,,SCAN_ADDITIONAL_FIELDS,No,SCAN_TYPES,No,CSV2_EXPOSE_FORMAT_ATTRS,,FIELDS_GROUP,,_MERGE_SCHEMAS,YES,ENCODING,UTF-8,ADVANCED_GROUP,,DELIMITER,auto,PREVIEW_PLACEHOLDER,,DATA_START_LINE,2,ENFORCE_STRICT_SCHEMA,No,READ_SKIPPED_LINES,No,SKIPPED_LINES_GROUP,,QUERY_FEATURE_TYPES_FOR_MERGE_FILTERS,Yes,FIELD_VALUES_GROUP,,FIELD_NAMES_GROUP,'
2020-03-09 09:40:41|   0.1|  0.0|INFORM|mapping file Line 38: `MULTI_READER_TYPE{2}' `NULL'
2020-03-09 09:40:41|   0.1|  0.0|INFORM|mapping file Line 39: `MULTI_READER_FORMAT{2}' `CSV2'
2020-03-09 09:40:41|   0.1|  0.0|INFORM|mapping file Line 40: `MULTI_READER_KEYWORD{2}' `CSV2_3'
2020-03-09 09:40:41|   0.1|  0.0|INFORM|mapping file Line 41: `MULTI_READER_GEN_DIRECTIVES{2}' `SKIP_DUPLICATE_DELIMITERS,No,SCAN_MAX_ROWS,1000,DATASET_GROUP,,SCHEMA,,CASE_SENSITIVE_FIELD_NAMES,Yes,FIELD_QUALIFIER_ESCAPE_CHARACTER,<lt>quote<gt>,PRESERVE_SOURCE_ENCODING,No,USE_CUSTOM_SCHEMA,NO,ENCODING_GROUP,,FIELD_QUALIFIER_CHARACTER,<lt>quote<gt>,TRIM_FIELD_VALUE_QUALIFIERS,Yes,FIELD_NAMES_LINE,1,FIELD_SEPARATION_GROUP,,TRIM_FIELD_NAME_QUALIFIERS,Yes,FEATURE_TYPE_NAME,FORMAT_NAME,EXPOSE_ATTRS_GROUP,,SCHEMA_GENERATION_GROUP,,SCAN_ADDITIONAL_FIELDS,No,SCAN_TYPES,No,CSV2_EXPOSE_FORMAT_ATTRS,,FIELDS_GROUP,,_MERGE_SCHEMAS,YES,ENCODING,UTF-8,ADVANCED_GROUP,,DELIMITER,auto,PREVIEW_PLACEHOLDER,,DATA_START_LINE,2,ENFORCE_STRICT_SCHEMA,No,READ_SKIPPED_LINES,No,SKIPPED_LINES_GROUP,,QUERY_FEATURE_TYPES_FOR_MERGE_FILTERS,Yes,FIELD_VALUES_GROUP,,FIELD_NAMES_GROUP,'
2020-03-09 09:40:41|   0.1|  0.0|INFORM|mapping file Line 42: `WRITER_TYPE' `MULTI_WRITER'
2020-03-09 09:40:41|   0.1|  0.0|INFORM|mapping file Line 43: `MULTI_WRITER_DATASET_ORDER' `BY_ID'
2020-03-09 09:40:41|   0.1|  0.0|INFORM|mapping file Line 44: `MULTI_WRITER_FIRST_WRITER_ID' `0'
2020-03-09 09:40:41|   0.1|  0.0|INFORM|mapping file Line 45: `MULTI_WRITER_TYPE{0}' `CSV2'
2020-03-09 09:40:41|   0.1|  0.0|INFORM|mapping file Line 46: `MULTI_WRITER_KEYWORD{0}' `CSV2_4'
2020-03-09 09:40:41|   0.1|  0.0|INFORM|mapping file Line 47: `GUI' `MULTIFILE' `SourceDataset_CSV2_1' `CSV/Compressed_CSV/TEXT_Files(*.csv;*.gz;*.txt)|*.csv;*.gz;*.txt|CSV_Files(*.csv)|*.csv|Compressed_CSV_Files(*.gz)|*.gz|Text_Files(*.txt)|*.txt|All_Files|*' `Source' `CSV' `(CommaSeparatedValue)' `File(s):'
2020-03-09 09:40:41|   0.1|  0.0|INFORM|mapping file Line 48: `CSV2_1_FEATURE_TYPE_NAME' `FORMAT_NAME'
2020-03-09 09:40:41|   0.1|  0.0|INFORM|mapping file Line 49: `GUI' `OPTIONAL' `DISCLOSUREGROUP' `CSV2_IN_FIELDS_GROUP_CSV2_1' `CSV2_IN_DELIMITER_CSV2_1%CSV2_IN_FIELD_NAMES_LINE_CSV2_1%CSV2_IN_DATA_START_LINE_CSV2_1' `Fields'
2020-03-09 09:40:41|   0.1|  0.0|INFORM|mapping file Line 50: `CSV2_1_DELIMITER' `auto'
2020-03-09 09:40:41|   0.1|  0.0|INFORM|mapping file Line 51: `GUI' `STRING_OR_CHOICE_ENCODED' `CSV2_IN_DELIMITER_CSV2_1' `auto%,%;%|%space%tab' `Delimiter' `Character:'
2020-03-09 09:40:41|   0.1|  0.0|INFORM|mapping file Line 52: `CSV2_1_FIELD_NAMES_LINE' `1'
2020-03-09 09:40:41|   0.1|  0.0|INFORM|mapping file Line 53: `GUI' `OPTIONAL' `INT_OR_CHOICE' `CSV2_IN_FIELD_NAMES_LINE_CSV2_1' `None%1%2%3%4%5' `Field' `Names' `Line:'
2020-03-09 09:40:41|   0.1|  0.0|INFORM|mapping file Line 54: `GUI' `LOOKUP' `CSV2_IN_FIELD_NAMES_LINE_CSV2_1' `None,'
2020-03-09 09:40:41|   0.1|  0.0|INFORM|mapping file Line 55: `CSV2_1_DATA_START_LINE' `2'
2020-03-09 09:40:41|   0.1|  0.0|INFORM|mapping file Line 56: `GUI' `RANGE_SLIDER' `CSV2_IN_DATA_START_LINE_CSV2_1' `1%MAX%0' `Data' `Start' `Line:'
2020-03-09 09:40:41|   0.1|  0.0|INFORM|mapping file Line 57: `GUI' `OPTIONAL' `DISCLOSUREGROUP' `CSV2_IN_ADVANCED_GROUP_CSV2_1' `FME_DISCLOSURE_CLOSED%CSV2_IN_FIELD_SEPARATION_GROUP_CSV2_1%CSV2_IN_FIELD_NAMES_GROUP_CSV2_1%CSV2_IN_FIELD_VALUES_GROUP_CSV2_1%CSV2_IN_ENCODING_GROUP_CSV2_1%CSV2_IN_SKIPPED_LINES_GROUP_CSV2_1%CSV2_IN_SCHEMA_GENERATION_GROUP' `Advanced'
2020-03-09 09:40:41|   0.1|  0.0|INFORM|mapping file Line 58: `GUI' `OPTIONAL' `DISCLOSUREGROUP' `CSV2_IN_FIELD_SEPARATION_GROUP_CSV2_1' `FME_DISCLOSURE_CLOSED%CSV2_IN_SKIP_DUPLICATE_DELIMITERS_CSV2_1%CSV2_IN_FIELD_QUALIFIER_CHARACTER_CSV2_1%CSV2_IN_FIELD_QUALIFIER_ESCAPE_CHARACTER_CSV2_1' `Field' `Separation'
2020-03-09 09:40:41|   0.1|  0.0|INFORM|mapping file Line 59: `CSV2_1_SKIP_DUPLICATE_DELIMITERS' `No'
2020-03-09 09:40:41|   0.1|  0.0|INFORM|mapping file Line 60: `GUI' `CHOICE' `CSV2_IN_SKIP_DUPLICATE_DELIMITERS_CSV2_1' `Yes%No' `Skip' `Duplicate' `Delimiters:'
2020-03-09 09:40:41|   0.1|  0.0|INFORM|mapping file Line 61: `CSV2_1_FIELD_QUALIFIER_CHARACTER' `<quote>'
2020-03-09 09:40:41|   0.1|  0.0|INFORM|mapping file Line 62: `GUI' `OPTIONAL' `STRING_ENCODED' `CSV2_IN_FIELD_QUALIFIER_CHARACTER_CSV2_1' `Field' `Qualifier' `Character:'
2020-03-09 09:40:41|   0.1|  0.0|INFORM|mapping file Line 63: `CSV2_1_FIELD_QUALIFIER_ESCAPE_CHARACTER' `<quote>'
2020-03-09 09:40:41|   0.1|  0.0|INFORM|mapping file Line 64: `GUI' `OPTIONAL' `STRING_ENCODED' `CSV2_IN_FIELD_QUALIFIER_ESCAPE_CHARACTER_CSV2_1' `Field' `Qualifier' `Escape' `Character:'
2020-03-09 09:40:41|   0.1|  0.0|INFORM|mapping file Line 65: `GUI' `OPTIONAL' `DISCLOSUREGROUP' `CSV2_IN_FIELD_NAMES_GROUP_CSV2_1' `FME_DISCLOSURE_CLOSED%CSV2_IN_CASE_SENSITIVE_FIELD_NAMES_CSV2_1%CSV2_IN_ENFORCE_STRICT_SCHEMA_CSV2_1' `Field' `Names'
2020-03-09 09:40:41|   0.1|  0.0|INFORM|mapping file Line 66: `CSV2_1_TRIM_FIELD_NAME_QUALIFIERS' `Yes'
2020-03-09 09:40:41|   0.1|  0.0|INFORM|mapping file Line 67: `CSV2_1_CASE_SENSITIVE_FIELD_NAMES' `Yes'
2020-03-09 09:40:41|   0.1|  0.0|INFORM|mapping file Line 68: `GUI' `CHOICE' `CSV2_IN_CASE_SENSITIVE_FIELD_NAMES_CSV2_1' `Yes%No' `Case' `Sensitive' `Field' `Names:'
2020-03-09 09:40:41|   0.1|  0.0|INFORM|mapping file Line 69: `CSV2_1_ENFORCE_STRICT_SCHEMA' `No'
2020-03-09 09:40:41|   0.1|  0.0|INFORM|mapping file Line 70: `GUI' `CHOICE' `CSV2_IN_ENFORCE_STRICT_SCHEMA_CSV2_1' `Yes%No' `Enforce' `Strict' `Schema:'
2020-03-09 09:40:41|   0.1|  0.0|INFORM|mapping file Line 71: `GUI' `OPTIONAL' `DISCLOSUREGROUP' `CSV2_IN_FIELD_VALUES_GROUP_CSV2_1' `FME_DISCLOSURE_CLOSED%CSV2_IN_TRIM_FIELD_VALUE_QUALIFIERS_CSV2_1' `Field' `Values'
2020-03-09 09:40:41|   0.1|  0.0|INFORM|mapping file Line 72: `CSV2_1_TRIM_FIELD_VALUE_QUALIFIERS' `Yes'
2020-03-09 09:40:41|   0.1|  0.0|INFORM|mapping file Line 73: `GUI' `CHOICE' `CSV2_IN_TRIM_FIELD_VALUE_QUALIFIERS_CSV2_1' `Yes%No' `Trim' `Field' `Qualifier' `Characters:'
2020-03-09 09:40:41|   0.1|  0.0|INFORM|mapping file Line 74: `GUI' `OPTIONAL' `DISCLOSUREGROUP' `CSV2_IN_ENCODING_GROUP_CSV2_1' `FME_DISCLOSURE_CLOSED%CSV2_IN_ENCODING_CSV2_1%CSV2_IN_PRESERVE_SOURCE_ENCODING_CSV2_1' `Encoding'
2020-03-09 09:40:41|   0.1|  0.0|INFORM|mapping file Line 75: `CSV2_1_ENCODING' `UTF-8'
2020-03-09 09:40:41|   0.1|  0.0|INFORM|mapping file Line 76: `GUI' `STRING_OR_ENCODING' `CSV2_IN_ENCODING_CSV2_1' `fme-system%*' `Character' `Encoding:'
2020-03-09 09:40:41|   0.1|  0.0|INFORM|mapping file Line 77: `CSV2_1_PRESERVE_SOURCE_ENCODING' `No'
2020-03-09 09:40:41|   0.1|  0.0|INFORM|mapping file Line 78: `GUI' `CHOICE' `CSV2_IN_PRESERVE_SOURCE_ENCODING_CSV2_1' `Yes%No' `Preserve' `Source' `Encoding:'
2020-03-09 09:40:41|   0.1|  0.0|INFORM|mapping file Line 79: `GUI' `OPTIONAL' `DISCLOSUREGROUP' `CSV2_IN_SKIPPED_LINES_GROUP_CSV2_1' `FME_DISCLOSURE_CLOSED%CSV2_IN_READ_SKIPPED_LINES_CSV2_1' `Skipped' `Lines'
2020-03-09 09:40:41|   0.1|  0.0|INFORM|mapping file Line 80: `CSV2_1_READ_SKIPPED_LINES' `No'
2020-03-09 09:40:41|   0.1|  0.0|INFORM|mapping file Line 81: `GUI' `CHOICE' `CSV2_IN_READ_SKIPPED_LINES_CSV2_1' `Yes%No' `Read' `Skipped' `Lines:'
2020-03-09 09:40:41|   0.1|  0.0|INFORM|mapping file Line 82: `CSV2_1_SCAN_MAX_ROWS' `1000'
2020-03-09 09:40:41|   0.1|  0.0|INFORM|mapping file Line 83: `CSV2_1_SCAN_TYPES' `No'
2020-03-09 09:40:41|   0.1|  0.0|INFORM|mapping file Line 84: `CSV2_1_SCAN_ADDITIONAL_FIELDS' `No'
2020-03-09 09:40:41|   0.1|  0.0|INFORM|mapping file Line 85: `CSV2_1_EXPOSE_ATTRS_GROUP' `'
2020-03-09 09:40:41|   0.1|  0.0|INFORM|mapping file Line 86: `CSV2_1_QUERY_FEATURE_TYPES_FOR_MERGE_FILTERS' `Yes'
2020-03-09 09:40:41|   0.1|  0.0|INFORM|mapping file Line 87: `CSV2_1_NETWORK_AUTHENTICATION' `'
2020-03-09 09:40:41|   0.1|  0.0|INFORM|mapping file Line 88: `GUI' `OPTIONAL' `AUTHENTICATOR' `CSV2_IN_NETWORK_AUTHENTICATION_CSV2_1' `CONTAINER%GROUP%CONTAINER_TITLE%Network Authentication%PROMPT_TYPE%NETWORK' `Network' `Authentication'
2020-03-09 09:40:41|   0.1|  0.0|INFORM|mapping file Line 89: `CSV2_1_ATTRIBUTE_READING' `DEFLINE'
2020-03-09 09:40:41|   0.1|  0.0|INFORM|mapping file Line 90: `CSV2_1_GENERATE_FME_BUILD_NUM' `19822'
2020-03-09 09:40:41|   0.1|  0.0|INFORM|mapping file Line 91: `CSV2_1_DATASET' `/home/vanguard/Dropbox/COVID-19/csse_covid_19_data/csse_covid_19_time_series/time_series_19-covid-Confirmed.csv'
2020-03-09 09:40:41|   0.1|  0.0|INFORM|mapping file Line 92: `GUI' `MULTIFILE' `SourceDataset_CSV2_2' `CSV/Compressed_CSV/TEXT_Files(*.csv;*.gz;*.txt)|*.csv;*.gz;*.txt|CSV_Files(*.csv)|*.csv|Compressed_CSV_Files(*.gz)|*.gz|Text_Files(*.txt)|*.txt|All_Files|*' `Source' `CSV' `(CommaSeparatedValue)' `File(s):'
2020-03-09 09:40:41|   0.1|  0.0|INFORM|mapping file Line 93: `CSV2_2_FEATURE_TYPE_NAME' `FORMAT_NAME'
2020-03-09 09:40:41|   0.1|  0.0|INFORM|mapping file Line 94: `GUI' `OPTIONAL' `DISCLOSUREGROUP' `CSV2_IN_FIELDS_GROUP_CSV2_2' `CSV2_IN_DELIMITER_CSV2_2%CSV2_IN_FIELD_NAMES_LINE_CSV2_2%CSV2_IN_DATA_START_LINE_CSV2_2' `Fields'
2020-03-09 09:40:41|   0.1|  0.0|INFORM|mapping file Line 95: `CSV2_2_DELIMITER' `auto'
2020-03-09 09:40:41|   0.1|  0.0|INFORM|mapping file Line 96: `GUI' `STRING_OR_CHOICE_ENCODED' `CSV2_IN_DELIMITER_CSV2_2' `auto%,%;%|%space%tab' `Delimiter' `Character:'
2020-03-09 09:40:41|   0.1|  0.0|INFORM|mapping file Line 97: `CSV2_2_FIELD_NAMES_LINE' `1'
2020-03-09 09:40:41|   0.1|  0.0|INFORM|mapping file Line 98: `GUI' `OPTIONAL' `INT_OR_CHOICE' `CSV2_IN_FIELD_NAMES_LINE_CSV2_2' `None%1%2%3%4%5' `Field' `Names' `Line:'
2020-03-09 09:40:41|   0.1|  0.0|INFORM|mapping file Line 99: `GUI' `LOOKUP' `CSV2_IN_FIELD_NAMES_LINE_CSV2_2' `None,'
2020-03-09 09:40:41|   0.1|  0.0|INFORM|mapping file Line 100: `CSV2_2_DATA_START_LINE' `2'
2020-03-09 09:40:41|   0.1|  0.0|INFORM|mapping file Line 101: `GUI' `RANGE_SLIDER' `CSV2_IN_DATA_START_LINE_CSV2_2' `1%MAX%0' `Data' `Start' `Line:'
2020-03-09 09:40:41|   0.1|  0.0|INFORM|mapping file Line 102: `GUI' `OPTIONAL' `DISCLOSUREGROUP' `CSV2_IN_ADVANCED_GROUP_CSV2_2' `FME_DISCLOSURE_CLOSED%CSV2_IN_FIELD_SEPARATION_GROUP_CSV2_2%CSV2_IN_FIELD_NAMES_GROUP_CSV2_2%CSV2_IN_FIELD_VALUES_GROUP_CSV2_2%CSV2_IN_ENCODING_GROUP_CSV2_2%CSV2_IN_SKIPPED_LINES_GROUP_CSV2_2%CSV2_IN_SCHEMA_GENERATION_GROUP' `Advanced'
2020-03-09 09:40:41|   0.1|  0.0|INFORM|mapping file Line 103: `GUI' `OPTIONAL' `DISCLOSUREGROUP' `CSV2_IN_FIELD_SEPARATION_GROUP_CSV2_2' `FME_DISCLOSURE_CLOSED%CSV2_IN_SKIP_DUPLICATE_DELIMITERS_CSV2_2%CSV2_IN_FIELD_QUALIFIER_CHARACTER_CSV2_2%CSV2_IN_FIELD_QUALIFIER_ESCAPE_CHARACTER_CSV2_2' `Field' `Separation'
2020-03-09 09:40:41|   0.1|  0.0|INFORM|mapping file Line 104: `CSV2_2_SKIP_DUPLICATE_DELIMITERS' `No'
2020-03-09 09:40:41|   0.1|  0.0|INFORM|mapping file Line 105: `GUI' `CHOICE' `CSV2_IN_SKIP_DUPLICATE_DELIMITERS_CSV2_2' `Yes%No' `Skip' `Duplicate' `Delimiters:'
2020-03-09 09:40:41|   0.1|  0.0|INFORM|mapping file Line 106: `CSV2_2_FIELD_QUALIFIER_CHARACTER' `<quote>'
2020-03-09 09:40:41|   0.1|  0.0|INFORM|mapping file Line 107: `GUI' `OPTIONAL' `STRING_ENCODED' `CSV2_IN_FIELD_QUALIFIER_CHARACTER_CSV2_2' `Field' `Qualifier' `Character:'
2020-03-09 09:40:41|   0.1|  0.0|INFORM|mapping file Line 108: `CSV2_2_FIELD_QUALIFIER_ESCAPE_CHARACTER' `<quote>'
2020-03-09 09:40:41|   0.1|  0.0|INFORM|mapping file Line 109: `GUI' `OPTIONAL' `STRING_ENCODED' `CSV2_IN_FIELD_QUALIFIER_ESCAPE_CHARACTER_CSV2_2' `Field' `Qualifier' `Escape' `Character:'
2020-03-09 09:40:41|   0.1|  0.0|INFORM|mapping file Line 110: `GUI' `OPTIONAL' `DISCLOSUREGROUP' `CSV2_IN_FIELD_NAMES_GROUP_CSV2_2' `FME_DISCLOSURE_CLOSED%CSV2_IN_CASE_SENSITIVE_FIELD_NAMES_CSV2_2%CSV2_IN_ENFORCE_STRICT_SCHEMA_CSV2_2' `Field' `Names'
2020-03-09 09:40:41|   0.1|  0.0|INFORM|mapping file Line 111: `CSV2_2_TRIM_FIELD_NAME_QUALIFIERS' `Yes'
2020-03-09 09:40:41|   0.1|  0.0|INFORM|mapping file Line 112: `CSV2_2_CASE_SENSITIVE_FIELD_NAMES' `Yes'
2020-03-09 09:40:41|   0.1|  0.0|INFORM|mapping file Line 113: `GUI' `CHOICE' `CSV2_IN_CASE_SENSITIVE_FIELD_NAMES_CSV2_2' `Yes%No' `Case' `Sensitive' `Field' `Names:'
2020-03-09 09:40:41|   0.1|  0.0|INFORM|mapping file Line 114: `CSV2_2_ENFORCE_STRICT_SCHEMA' `No'
2020-03-09 09:40:41|   0.1|  0.0|INFORM|mapping file Line 115: `GUI' `CHOICE' `CSV2_IN_ENFORCE_STRICT_SCHEMA_CSV2_2' `Yes%No' `Enforce' `Strict' `Schema:'
2020-03-09 09:40:41|   0.1|  0.0|INFORM|mapping file Line 116: `GUI' `OPTIONAL' `DISCLOSUREGROUP' `CSV2_IN_FIELD_VALUES_GROUP_CSV2_2' `FME_DISCLOSURE_CLOSED%CSV2_IN_TRIM_FIELD_VALUE_QUALIFIERS_CSV2_2' `Field' `Values'
2020-03-09 09:40:41|   0.1|  0.0|INFORM|mapping file Line 117: `CSV2_2_TRIM_FIELD_VALUE_QUALIFIERS' `Yes'
2020-03-09 09:40:41|   0.1|  0.0|INFORM|mapping file Line 118: `GUI' `CHOICE' `CSV2_IN_TRIM_FIELD_VALUE_QUALIFIERS_CSV2_2' `Yes%No' `Trim' `Field' `Qualifier' `Characters:'
2020-03-09 09:40:41|   0.1|  0.0|INFORM|mapping file Line 119: `GUI' `OPTIONAL' `DISCLOSUREGROUP' `CSV2_IN_ENCODING_GROUP_CSV2_2' `FME_DISCLOSURE_CLOSED%CSV2_IN_ENCODING_CSV2_2%CSV2_IN_PRESERVE_SOURCE_ENCODING_CSV2_2' `Encoding'
2020-03-09 09:40:41|   0.1|  0.0|INFORM|mapping file Line 120: `CSV2_2_ENCODING' `UTF-8'
2020-03-09 09:40:41|   0.1|  0.0|INFORM|mapping file Line 121: `GUI' `STRING_OR_ENCODING' `CSV2_IN_ENCODING_CSV2_2' `fme-system%*' `Character' `Encoding:'
2020-03-09 09:40:41|   0.1|  0.0|INFORM|mapping file Line 122: `CSV2_2_PRESERVE_SOURCE_ENCODING' `No'
2020-03-09 09:40:41|   0.1|  0.0|INFORM|mapping file Line 123: `GUI' `CHOICE' `CSV2_IN_PRESERVE_SOURCE_ENCODING_CSV2_2' `Yes%No' `Preserve' `Source' `Encoding:'
2020-03-09 09:40:41|   0.1|  0.0|INFORM|mapping file Line 124: `GUI' `OPTIONAL' `DISCLOSUREGROUP' `CSV2_IN_SKIPPED_LINES_GROUP_CSV2_2' `FME_DISCLOSURE_CLOSED%CSV2_IN_READ_SKIPPED_LINES_CSV2_2' `Skipped' `Lines'
2020-03-09 09:40:41|   0.1|  0.0|INFORM|mapping file Line 125: `CSV2_2_READ_SKIPPED_LINES' `No'
2020-03-09 09:40:41|   0.1|  0.0|INFORM|mapping file Line 126: `GUI' `CHOICE' `CSV2_IN_READ_SKIPPED_LINES_CSV2_2' `Yes%No' `Read' `Skipped' `Lines:'
2020-03-09 09:40:41|   0.1|  0.0|INFORM|mapping file Line 127: `CSV2_2_SCAN_MAX_ROWS' `1000'
2020-03-09 09:40:41|   0.1|  0.0|INFORM|mapping file Line 128: `CSV2_2_SCAN_TYPES' `No'
2020-03-09 09:40:41|   0.1|  0.0|INFORM|mapping file Line 129: `CSV2_2_SCAN_ADDITIONAL_FIELDS' `No'
2020-03-09 09:40:41|   0.1|  0.0|INFORM|mapping file Line 130: `CSV2_2_EXPOSE_ATTRS_GROUP' `'
2020-03-09 09:40:41|   0.1|  0.0|INFORM|mapping file Line 131: `CSV2_2_QUERY_FEATURE_TYPES_FOR_MERGE_FILTERS' `Yes'
2020-03-09 09:40:41|   0.1|  0.0|INFORM|mapping file Line 132: `CSV2_2_NETWORK_AUTHENTICATION' `'
2020-03-09 09:40:41|   0.1|  0.0|INFORM|mapping file Line 133: `GUI' `OPTIONAL' `AUTHENTICATOR' `CSV2_IN_NETWORK_AUTHENTICATION_CSV2_2' `CONTAINER%GROUP%CONTAINER_TITLE%Network Authentication%PROMPT_TYPE%NETWORK' `Network' `Authentication'
2020-03-09 09:40:41|   0.1|  0.0|INFORM|mapping file Line 134: `CSV2_2_ATTRIBUTE_READING' `DEFLINE'
2020-03-09 09:40:41|   0.1|  0.0|INFORM|mapping file Line 135: `CSV2_2_GENERATE_FME_BUILD_NUM' `19822'
2020-03-09 09:40:41|   0.1|  0.0|INFORM|mapping file Line 136: `CSV2_2_DATASET' `/home/vanguard/Dropbox/COVID-19/csse_covid_19_data/csse_covid_19_time_series/time_series_19-covid-Deaths.csv'
2020-03-09 09:40:41|   0.1|  0.0|INFORM|mapping file Line 137: `GUI' `MULTIFILE' `SourceDataset_CSV2_3' `CSV/Compressed_CSV/TEXT_Files(*.csv;*.gz;*.txt)|*.csv;*.gz;*.txt|CSV_Files(*.csv)|*.csv|Compressed_CSV_Files(*.gz)|*.gz|Text_Files(*.txt)|*.txt|All_Files|*' `Source' `CSV' `(CommaSeparatedValue)' `File(s):'
2020-03-09 09:40:41|   0.1|  0.0|INFORM|mapping file Line 138: `CSV2_3_FEATURE_TYPE_NAME' `FORMAT_NAME'
2020-03-09 09:40:41|   0.1|  0.0|INFORM|mapping file Line 139: `GUI' `OPTIONAL' `DISCLOSUREGROUP' `CSV2_IN_FIELDS_GROUP_CSV2_3' `CSV2_IN_DELIMITER_CSV2_3%CSV2_IN_FIELD_NAMES_LINE_CSV2_3%CSV2_IN_DATA_START_LINE_CSV2_3' `Fields'
2020-03-09 09:40:41|   0.1|  0.0|INFORM|mapping file Line 140: `CSV2_3_DELIMITER' `auto'
2020-03-09 09:40:41|   0.1|  0.0|INFORM|mapping file Line 141: `GUI' `STRING_OR_CHOICE_ENCODED' `CSV2_IN_DELIMITER_CSV2_3' `auto%,%;%|%space%tab' `Delimiter' `Character:'
2020-03-09 09:40:41|   0.1|  0.0|INFORM|mapping file Line 142: `CSV2_3_FIELD_NAMES_LINE' `1'
2020-03-09 09:40:41|   0.1|  0.0|INFORM|mapping file Line 143: `GUI' `OPTIONAL' `INT_OR_CHOICE' `CSV2_IN_FIELD_NAMES_LINE_CSV2_3' `None%1%2%3%4%5' `Field' `Names' `Line:'
2020-03-09 09:40:41|   0.1|  0.0|INFORM|mapping file Line 144: `GUI' `LOOKUP' `CSV2_IN_FIELD_NAMES_LINE_CSV2_3' `None,'
2020-03-09 09:40:41|   0.1|  0.0|INFORM|mapping file Line 145: `CSV2_3_DATA_START_LINE' `2'
2020-03-09 09:40:41|   0.1|  0.0|INFORM|mapping file Line 146: `GUI' `RANGE_SLIDER' `CSV2_IN_DATA_START_LINE_CSV2_3' `1%MAX%0' `Data' `Start' `Line:'
2020-03-09 09:40:41|   0.1|  0.0|INFORM|mapping file Line 147: `GUI' `OPTIONAL' `DISCLOSUREGROUP' `CSV2_IN_ADVANCED_GROUP_CSV2_3' `FME_DISCLOSURE_CLOSED%CSV2_IN_FIELD_SEPARATION_GROUP_CSV2_3%CSV2_IN_FIELD_NAMES_GROUP_CSV2_3%CSV2_IN_FIELD_VALUES_GROUP_CSV2_3%CSV2_IN_ENCODING_GROUP_CSV2_3%CSV2_IN_SKIPPED_LINES_GROUP_CSV2_3%CSV2_IN_SCHEMA_GENERATION_GROUP' `Advanced'
2020-03-09 09:40:41|   0.1|  0.0|INFORM|mapping file Line 148: `GUI' `OPTIONAL' `DISCLOSUREGROUP' `CSV2_IN_FIELD_SEPARATION_GROUP_CSV2_3' `FME_DISCLOSURE_CLOSED%CSV2_IN_SKIP_DUPLICATE_DELIMITERS_CSV2_3%CSV2_IN_FIELD_QUALIFIER_CHARACTER_CSV2_3%CSV2_IN_FIELD_QUALIFIER_ESCAPE_CHARACTER_CSV2_3' `Field' `Separation'
2020-03-09 09:40:41|   0.1|  0.0|INFORM|mapping file Line 149: `CSV2_3_SKIP_DUPLICATE_DELIMITERS' `No'
2020-03-09 09:40:41|   0.1|  0.0|INFORM|mapping file Line 150: `GUI' `CHOICE' `CSV2_IN_SKIP_DUPLICATE_DELIMITERS_CSV2_3' `Yes%No' `Skip' `Duplicate' `Delimiters:'
2020-03-09 09:40:41|   0.1|  0.0|INFORM|mapping file Line 151: `CSV2_3_FIELD_QUALIFIER_CHARACTER' `<quote>'
2020-03-09 09:40:41|   0.1|  0.0|INFORM|mapping file Line 152: `GUI' `OPTIONAL' `STRING_ENCODED' `CSV2_IN_FIELD_QUALIFIER_CHARACTER_CSV2_3' `Field' `Qualifier' `Character:'
2020-03-09 09:40:41|   0.1|  0.0|INFORM|mapping file Line 153: `CSV2_3_FIELD_QUALIFIER_ESCAPE_CHARACTER' `<quote>'
2020-03-09 09:40:41|   0.1|  0.0|INFORM|mapping file Line 154: `GUI' `OPTIONAL' `STRING_ENCODED' `CSV2_IN_FIELD_QUALIFIER_ESCAPE_CHARACTER_CSV2_3' `Field' `Qualifier' `Escape' `Character:'
2020-03-09 09:40:41|   0.1|  0.0|INFORM|mapping file Line 155: `GUI' `OPTIONAL' `DISCLOSUREGROUP' `CSV2_IN_FIELD_NAMES_GROUP_CSV2_3' `FME_DISCLOSURE_CLOSED%CSV2_IN_CASE_SENSITIVE_FIELD_NAMES_CSV2_3%CSV2_IN_ENFORCE_STRICT_SCHEMA_CSV2_3' `Field' `Names'
2020-03-09 09:40:41|   0.1|  0.0|INFORM|mapping file Line 156: `CSV2_3_TRIM_FIELD_NAME_QUALIFIERS' `Yes'
2020-03-09 09:40:41|   0.1|  0.0|INFORM|mapping file Line 157: `CSV2_3_CASE_SENSITIVE_FIELD_NAMES' `Yes'
2020-03-09 09:40:41|   0.1|  0.0|INFORM|mapping file Line 158: `GUI' `CHOICE' `CSV2_IN_CASE_SENSITIVE_FIELD_NAMES_CSV2_3' `Yes%No' `Case' `Sensitive' `Field' `Names:'
2020-03-09 09:40:41|   0.1|  0.0|INFORM|mapping file Line 159: `CSV2_3_ENFORCE_STRICT_SCHEMA' `No'
2020-03-09 09:40:41|   0.1|  0.0|INFORM|mapping file Line 160: `GUI' `CHOICE' `CSV2_IN_ENFORCE_STRICT_SCHEMA_CSV2_3' `Yes%No' `Enforce' `Strict' `Schema:'
2020-03-09 09:40:41|   0.1|  0.0|INFORM|mapping file Line 161: `GUI' `OPTIONAL' `DISCLOSUREGROUP' `CSV2_IN_FIELD_VALUES_GROUP_CSV2_3' `FME_DISCLOSURE_CLOSED%CSV2_IN_TRIM_FIELD_VALUE_QUALIFIERS_CSV2_3' `Field' `Values'
2020-03-09 09:40:41|   0.1|  0.0|INFORM|mapping file Line 162: `CSV2_3_TRIM_FIELD_VALUE_QUALIFIERS' `Yes'
2020-03-09 09:40:41|   0.1|  0.0|INFORM|mapping file Line 163: `GUI' `CHOICE' `CSV2_IN_TRIM_FIELD_VALUE_QUALIFIERS_CSV2_3' `Yes%No' `Trim' `Field' `Qualifier' `Characters:'
2020-03-09 09:40:41|   0.1|  0.0|INFORM|mapping file Line 164: `GUI' `OPTIONAL' `DISCLOSUREGROUP' `CSV2_IN_ENCODING_GROUP_CSV2_3' `FME_DISCLOSURE_CLOSED%CSV2_IN_ENCODING_CSV2_3%CSV2_IN_PRESERVE_SOURCE_ENCODING_CSV2_3' `Encoding'
2020-03-09 09:40:41|   0.1|  0.0|INFORM|mapping file Line 165: `CSV2_3_ENCODING' `UTF-8'
2020-03-09 09:40:41|   0.1|  0.0|INFORM|mapping file Line 166: `GUI' `STRING_OR_ENCODING' `CSV2_IN_ENCODING_CSV2_3' `fme-system%*' `Character' `Encoding:'
2020-03-09 09:40:41|   0.1|  0.0|INFORM|mapping file Line 167: `CSV2_3_PRESERVE_SOURCE_ENCODING' `No'
2020-03-09 09:40:41|   0.1|  0.0|INFORM|mapping file Line 168: `GUI' `CHOICE' `CSV2_IN_PRESERVE_SOURCE_ENCODING_CSV2_3' `Yes%No' `Preserve' `Source' `Encoding:'
2020-03-09 09:40:41|   0.1|  0.0|INFORM|mapping file Line 169: `GUI' `OPTIONAL' `DISCLOSUREGROUP' `CSV2_IN_SKIPPED_LINES_GROUP_CSV2_3' `FME_DISCLOSURE_CLOSED%CSV2_IN_READ_SKIPPED_LINES_CSV2_3' `Skipped' `Lines'
2020-03-09 09:40:41|   0.1|  0.0|INFORM|mapping file Line 170: `CSV2_3_READ_SKIPPED_LINES' `No'
2020-03-09 09:40:41|   0.1|  0.0|INFORM|mapping file Line 171: `GUI' `CHOICE' `CSV2_IN_READ_SKIPPED_LINES_CSV2_3' `Yes%No' `Read' `Skipped' `Lines:'
2020-03-09 09:40:41|   0.1|  0.0|INFORM|mapping file Line 172: `CSV2_3_SCAN_MAX_ROWS' `1000'
2020-03-09 09:40:41|   0.1|  0.0|INFORM|mapping file Line 173: `CSV2_3_SCAN_TYPES' `No'
2020-03-09 09:40:41|   0.1|  0.0|INFORM|mapping file Line 174: `CSV2_3_SCAN_ADDITIONAL_FIELDS' `No'
2020-03-09 09:40:41|   0.1|  0.0|INFORM|mapping file Line 175: `CSV2_3_EXPOSE_ATTRS_GROUP' `'
2020-03-09 09:40:41|   0.1|  0.0|INFORM|mapping file Line 176: `CSV2_3_QUERY_FEATURE_TYPES_FOR_MERGE_FILTERS' `Yes'
2020-03-09 09:40:41|   0.1|  0.0|INFORM|mapping file Line 177: `CSV2_3_NETWORK_AUTHENTICATION' `'
2020-03-09 09:40:41|   0.1|  0.0|INFORM|mapping file Line 178: `GUI' `OPTIONAL' `AUTHENTICATOR' `CSV2_IN_NETWORK_AUTHENTICATION_CSV2_3' `CONTAINER%GROUP%CONTAINER_TITLE%Network Authentication%PROMPT_TYPE%NETWORK' `Network' `Authentication'
2020-03-09 09:40:41|   0.1|  0.0|INFORM|mapping file Line 179: `CSV2_3_ATTRIBUTE_READING' `DEFLINE'
2020-03-09 09:40:41|   0.1|  0.0|INFORM|mapping file Line 180: `CSV2_3_GENERATE_FME_BUILD_NUM' `19822'
2020-03-09 09:40:41|   0.1|  0.0|INFORM|mapping file Line 181: `CSV2_3_DATASET' `/home/vanguard/Dropbox/COVID-19/csse_covid_19_data/csse_covid_19_time_series/time_series_19-covid-Recovered.csv'
2020-03-09 09:40:41|   0.1|  0.0|INFORM|mapping file Line 182: `GUI' `DIRNAME' `DestDataset_CSV2_4' `Destination' `CSV' `(CommaSeparatedValue)' `Folder:'
2020-03-09 09:40:41|   0.1|  0.0|INFORM|mapping file Line 183: `GUI' `OPTIONAL' `DISCLOSUREGROUP' `CSV2_OUT_DATASET_GROUP_CSV2_4' `CSV2_OUT_EXTENSION_CSV2_4%CSV2_OUT_EXISTING_FILE_HANDLING' `Dataset'
2020-03-09 09:40:41|   0.1|  0.0|INFORM|mapping file Line 184: `CSV2_4_EXTENSION' `csv'
2020-03-09 09:40:41|   0.1|  0.0|INFORM|mapping file Line 185: `GUI' `OPTIONAL' `TEXT' `CSV2_OUT_EXTENSION_CSV2_4' `Extension:'
2020-03-09 09:40:41|   0.1|  0.0|INFORM|mapping file Line 186: `CSV2_4_EXISTING_FILE_HANDLING' `Yes'
2020-03-09 09:40:41|   0.1|  0.0|INFORM|mapping file Line 187: `GUI' `OPTIONAL' `DISCLOSUREGROUP' `CSV2_OUT_FIELDS_GROUP_CSV2_4' `CSV2_OUT_DELIMITER_CSV2_4%CSV2_OUT_WRITE_FIELD_NAMES' `Fields'
2020-03-09 09:40:41|   0.1|  0.0|INFORM|mapping file Line 188: `CSV2_4_DELIMITER' `<comma>'
2020-03-09 09:40:41|   0.1|  0.0|INFORM|mapping file Line 189: `GUI' `STRING_OR_CHOICE_ENCODED' `CSV2_OUT_DELIMITER_CSV2_4' `,%;%|%space%tab' `Delimiter' `Character:'
2020-03-09 09:40:41|   0.1|  0.0|INFORM|mapping file Line 190: `CSV2_4_WRITE_FIELD_NAMES' `firstrow'
2020-03-09 09:40:41|   0.1|  0.0|INFORM|mapping file Line 191: `GUI' `OPTIONAL' `DISCLOSUREGROUP' `CSV2_OUT_ENCODING_GROUP_CSV2_4' `CSV2_OUT_ENCODING_CSV2_4%CSV2_OUT_WRITE_BOM_FOR_UNICODE_CSV2_4' `Encoding'
2020-03-09 09:40:41|   0.1|  0.0|INFORM|mapping file Line 192: `CSV2_4_ENCODING' `UTF-8'
2020-03-09 09:40:41|   0.1|  0.0|INFORM|mapping file Line 193: `GUI' `STRING_OR_ENCODING' `CSV2_OUT_ENCODING_CSV2_4' `fme-system%*' `Character' `Encoding:'
2020-03-09 09:40:41|   0.1|  0.0|INFORM|mapping file Line 194: `CSV2_4_WRITE_BOM_FOR_UNICODE' `Yes'
2020-03-09 09:40:41|   0.1|  0.0|INFORM|mapping file Line 195: `GUI' `CHOICE' `CSV2_OUT_WRITE_BOM_FOR_UNICODE_CSV2_4' `Yes%No' `Write' `Byte' `Order' `Mark' `for' `Unicode:'
2020-03-09 09:40:41|   0.1|  0.0|INFORM|mapping file Line 196: `GUI' `OPTIONAL' `DISCLOSUREGROUP' `CSV2_OUT_ADVANCED_GROUP_CSV2_4' `FME_DISCLOSURE_CLOSED%CSV2_OUT_QUALIFY_FIELD_NAMES_CSV2_4%CSV2_OUT_QUALIFY_FIELD_VALUES_CSV2_4%CSV2_OUT_UNQUALIFIED_FIELD_VALUE_HANDLING_CSV2_4%CSV2_OUT_FIELD_QUALIFIER_CHARACTER_CSV2_4%CSV2_OUT_FIELD_QUALIFIER_ESCAPE_CHARACTER_CSV2_4%CSV2_OUT_ROW_TERMINATION_CSV2_4%CSV2_OUT_WRITE_SCHEMA_FILE_CSV2_4' `Advanced'
2020-03-09 09:40:41|   0.1|  0.0|INFORM|mapping file Line 197: `CSV2_4_QUALIFY_FIELD_NAMES' `if_needed'
2020-03-09 09:40:41|   0.1|  0.0|INFORM|mapping file Line 198: `GUI' `LOOKUP_CHOICE' `CSV2_OUT_QUALIFY_FIELD_NAMES_CSV2_4' `Yes,yes%No,no%If<space>Needed,if_needed' `Qualify' `Field' `Names:'
2020-03-09 09:40:41|   0.1|  0.0|INFORM|mapping file Line 199: `CSV2_4_QUALIFY_FIELD_VALUES' `if_needed'
2020-03-09 09:40:41|   0.1|  0.0|INFORM|mapping file Line 200: `GUI' `ACTIVECHOICE_LOOKUP' `CSV2_OUT_QUALIFY_FIELD_VALUES_CSV2_4' `Yes,yes,CSV2_OUT_UNQUALIFIED_FIELD_VALUE_HANDLING_CSV2_4%No,no%If<space>Needed,if_needed,CSV2_OUT_UNQUALIFIED_FIELD_VALUE_HANDLING_CSV2_4' `Qualify' `Field' `Values:'
2020-03-09 09:40:41|   0.1|  0.0|INFORM|mapping file Line 201: `CSV2_4_UNQUALIFIED_FIELD_VALUE_HANDLING' `<Unused>'
2020-03-09 09:40:41|   0.1|  0.0|INFORM|mapping file Line 202: `GUI' `LOOKUP_CHOICE' `CSV2_OUT_UNQUALIFIED_FIELD_VALUE_HANDLING_CSV2_4' `Remove<space>Unsafe<space>Characters,remove_unsafe%Preserve<space>Unsafe<space>Characters,preserve_unsafe' `Unqualified' `Field' `Value' `Handling:'
2020-03-09 09:40:41|   0.1|  0.0|INFORM|mapping file Line 203: `CSV2_4_FIELD_QUALIFIER_CHARACTER' `<quote>'
2020-03-09 09:40:41|   0.1|  0.0|INFORM|mapping file Line 204: `GUI' `STRING_ENCODED' `CSV2_OUT_FIELD_QUALIFIER_CHARACTER_CSV2_4' `Field' `Qualifier' `Character:'
2020-03-09 09:40:41|   0.1|  0.0|INFORM|mapping file Line 205: `CSV2_4_FIELD_QUALIFIER_ESCAPE_CHARACTER' `<quote>'
2020-03-09 09:40:41|   0.1|  0.0|INFORM|mapping file Line 206: `GUI' `STRING_ENCODED' `CSV2_OUT_FIELD_QUALIFIER_ESCAPE_CHARACTER_CSV2_4' `Field' `Qualifier' `Escape' `Character:'
2020-03-09 09:40:41|   0.1|  0.0|INFORM|mapping file Line 207: `CSV2_4_ROW_TERMINATION' `System'
2020-03-09 09:40:41|   0.1|  0.0|INFORM|mapping file Line 208: `GUI' `CHOICE' `CSV2_OUT_ROW_TERMINATION_CSV2_4' `System%Windows%Unix%Macintosh' `Row' `Termination:'
2020-03-09 09:40:41|   0.1|  0.0|INFORM|mapping file Line 209: `CSV2_4_WRITE_SCHEMA_FILE' `NO'
2020-03-09 09:40:41|   0.1|  0.0|INFORM|mapping file Line 210: `GUI' `ACTIVEDISCLOSUREGROUP' `CSV2_OUT_WRITE_SCHEMA_FILE_CSV2_4' `FME_DISCLOSURE_CLOSED%CSV2_OUT_EXISTING_SCHEMA_FILE_HANDLING_CSV2_4' `Write' `Schema' `Configuration' `File'
2020-03-09 09:40:41|   0.1|  0.0|INFORM|mapping file Line 211: `CSV2_4_EXISTING_SCHEMA_FILE_HANDLING' `<Unused>'
2020-03-09 09:40:41|   0.1|  0.0|INFORM|mapping file Line 212: `GUI' `CHOICE' `CSV2_OUT_EXISTING_SCHEMA_FILE_HANDLING_CSV2_4' `Overwrite%Prepend' `Existing' `Schema' `File' `Handling:'
2020-03-09 09:40:41|   0.1|  0.0|INFORM|mapping file Line 213: `CSV2_4_COORDINATE_SYSTEM_GRANULARITY' `FEATURE_TYPE'
2020-03-09 09:40:41|   0.1|  0.0|INFORM|mapping file Line 214: `CSV2_4_GENERATE_FME_BUILD_NUM' `19822'
2020-03-09 09:40:41|   0.1|  0.0|INFORM|mapping file Line 215: `CSV2_4_DATASET' `/home/vanguard/Dropbox/COVID-19/csse_covid_19_data/csse_covid_19_time_series'
2020-03-09 09:40:41|   0.1|  0.0|INFORM|mapping file Line 216: `LOG_END_BANNER'
2020-03-09 09:40:41|   0.1|  0.0|INFORM|mapping file Line 217: `LOG_END_BANNER' `Feature' `caches' `have' `been' `recorded' `at' `every' `stage' `of' `the' `translation.'
2020-03-09 09:40:41|   0.1|  0.0|INFORM|mapping file Line 218: `LOG_END_BANNER' `To' `inspect' `the' `recorded' `features,'
2020-03-09 09:40:41|   0.1|  0.0|INFORM|mapping file Line 219: `LOG_END_BANNER' `click' `the' `feature' `cache' `icons' `next' `to' `the' `ports.'
2020-03-09 09:40:41|   0.1|  0.0|INFORM|mapping file Line 220: `LOG_END_BANNER'
2020-03-09 09:40:41|   0.1|  0.0|INFORM|mapping file Line 221: `LOG_FILENAME' `/home/vanguard/Dropbox/COVID-19/covid_process.log'
2020-03-09 09:40:41|   0.1|  0.0|INFORM|mapping file Line 222: `LOG_APPEND' `NO'
2020-03-09 09:40:41|   0.1|  0.0|INFORM|mapping file Line 223: `FME_DEBUG' `MAPPING_FILE' `BADNEWS' `FME_STACK_TRACE' `UNGROUPED' `UNCORRELATED' `DUMP_SCHEMA' `XSD_VERBOSE' `HTTP_DEBUG' `FTP_DEBUG' `FME_DEBUG' `STASH'
2020-03-09 09:40:41|   0.1|  0.0|INFORM|mapping file Line 224: `LOG_FILTER_MASK' `-1'
2020-03-09 09:40:41|   0.1|  0.0|INFORM|mapping file Line 225: `LOG_MAX_FEATURES' `200'
2020-03-09 09:40:41|   0.1|  0.0|INFORM|mapping file Line 226: `LOG_MAX_RECORDED_FEATURES' `200'
2020-03-09 09:40:41|   0.1|  0.0|INFORM|mapping file Line 227: `FME_REPROJECTION_ENGINE' `FME'
2020-03-09 09:40:41|   0.1|  0.0|INFORM|mapping file Line 228: `FME_IMPLICIT_CSMAP_REPROJECTION_MODE' `Auto'
2020-03-09 09:40:41|   0.1|  0.0|INFORM|mapping file Line 229: `FME_GEOMETRY_HANDLING' `Enhanced'
2020-03-09 09:40:41|   0.1|  0.0|INFORM|mapping file Line 230: `FME_STROKE_MAX_DEVIATION' `0'
2020-03-09 09:40:41|   0.1|  0.0|INFORM|mapping file Line 231: `CSV2_1_READER_META_ATTRIBUTES' `fme_feature_type'
2020-03-09 09:40:41|   0.1|  0.0|INFORM|mapping file Line 232: `CSV2_2_READER_META_ATTRIBUTES' `fme_feature_type'
2020-03-09 09:40:41|   0.1|  0.0|INFORM|mapping file Line 233: `CSV2_3_READER_META_ATTRIBUTES' `fme_feature_type'
2020-03-09 09:40:41|   0.1|  0.0|INFORM|mapping file Line 234: `MULTI_READER_CONTINUE_ON_READER_FAILURE' `No'
2020-03-09 09:40:41|   0.1|  0.0|INFORM|mapping file Line 235: `FACTORY_DEF' `*' `RoutingFactory' `FACTORY_NAME' `Router and Unexpected Input Remover' `COMMAND_PARM_EVALUATION' `SINGLE_PASS' `INPUT' `FEATURE_TYPE' `*' `ROUTE' `CSV2' `CSV2_1::CSV' `multi_reader_keyword,CSV2_1' `TO' `FME_GENERIC' `::CSV' `ALIAS_GEOMETRY' `ROUTE' `CSV2' `CSV2_2::CSV' `multi_reader_keyword,CSV2_2' `TO' `FME_GENERIC' `::CSV' `ALIAS_GEOMETRY' `ROUTE' `CSV2' `CSV2_3::CSV' `multi_reader_keyword,CSV2_3' `TO' `FME_GENERIC' `::CSV' `ALIAS_GEOMETRY' `MERGE_INPUT' `Yes' `OUTPUT' `ROUTED' `FEATURE_TYPE' `*' `OUTPUT' `NOT_ROUTED' `FEATURE_TYPE' `*' `@LogCount(UnexpectedInput @FeatureType())' `@FeatureType(__TO_REMOVE__)'
2020-03-09 09:40:41|   0.1|  0.0|INFORM|mapping file Line 236: `FACTORY_DEF' `*' `TeeFactory' `FACTORY_NAME' `Unexpected Input Remover Nuker' `INPUT' `FEATURE_TYPE' `__TO_REMOVE__'
2020-03-09 09:40:41|   0.1|  0.0|INFORM|mapping file Line 237: `CSV2_1_MERGE_DEF' `CSV2_1::CSV' `EXACT' `CSV' `DEFLINE' `fme_attribute_reading,defined,Province<solidus>State,string,Country<solidus>Region,string,Lat,string,Long,string,1<solidus>22<solidus>20,string,1<solidus>23<solidus>20,string,1<solidus>24<solidus>20,string,1<solidus>25<solidus>20,string,1<solidus>26<solidus>20,string,1<solidus>27<solidus>20,string,1<solidus>28<solidus>20,string,1<solidus>29<solidus>20,string,1<solidus>30<solidus>20,string,1<solidus>31<solidus>20,string,2<solidus>1<solidus>20,string,2<solidus>2<solidus>20,string,2<solidus>3<solidus>20,string,2<solidus>4<solidus>20,string,2<solidus>5<solidus>20,string,2<solidus>6<solidus>20,string,2<solidus>7<solidus>20,string,2<solidus>8<solidus>20,string,2<solidus>9<solidus>20,string,2<solidus>10<solidus>20,string,2<solidus>11<solidus>20,string,2<solidus>12<solidus>20,string,2<solidus>13<solidus>20,string,2<solidus>14<solidus>20,string,2<solidus>15<solidus>20,string,2<solidus>16<solidus>20,string,2<solidus>17<solidus>20,string,2<solidus>18<solidus>20,string,2<solidus>19<solidus>20,string,2<solidus>20<solidus>20,string,2<solidus>21<solidus>20,string,2<solidus>22<solidus>20,string,2<solidus>23<solidus>20,string,2<solidus>24<solidus>20,string,2<solidus>25<solidus>20,string,2<solidus>26<solidus>20,string,2<solidus>27<solidus>20,string,2<solidus>28<solidus>20,string,2<solidus>29<solidus>20,string,3<solidus>1<solidus>20,string,3<solidus>2<solidus>20,string,3<solidus>3<solidus>20,string,3<solidus>4<solidus>20,string,3<solidus>5<solidus>20,string,3<solidus>6<solidus>20,string,3<solidus>7<solidus>20,string'
2020-03-09 09:40:41|   0.1|  0.0|INFORM|mapping file Line 238: `CSV2_2_MERGE_DEF' `CSV2_2::CSV' `EXACT' `CSV' `DEFLINE' `fme_attribute_reading,defined,Province<solidus>State,string,Country<solidus>Region,string,Lat,string,Long,string,1<solidus>22<solidus>20,string,1<solidus>23<solidus>20,string,1<solidus>24<solidus>20,string,1<solidus>25<solidus>20,string,1<solidus>26<solidus>20,string,1<solidus>27<solidus>20,string,1<solidus>28<solidus>20,string,1<solidus>29<solidus>20,string,1<solidus>30<solidus>20,string,1<solidus>31<solidus>20,string,2<solidus>1<solidus>20,string,2<solidus>2<solidus>20,string,2<solidus>3<solidus>20,string,2<solidus>4<solidus>20,string,2<solidus>5<solidus>20,string,2<solidus>6<solidus>20,string,2<solidus>7<solidus>20,string,2<solidus>8<solidus>20,string,2<solidus>9<solidus>20,string,2<solidus>10<solidus>20,string,2<solidus>11<solidus>20,string,2<solidus>12<solidus>20,string,2<solidus>13<solidus>20,string,2<solidus>14<solidus>20,string,2<solidus>15<solidus>20,string,2<solidus>16<solidus>20,string,2<solidus>17<solidus>20,string,2<solidus>18<solidus>20,string,2<solidus>19<solidus>20,string,2<solidus>20<solidus>20,string,2<solidus>21<solidus>20,string,2<solidus>22<solidus>20,string,2<solidus>23<solidus>20,string,2<solidus>24<solidus>20,string,2<solidus>25<solidus>20,string,2<solidus>26<solidus>20,string,2<solidus>27<solidus>20,string,2<solidus>28<solidus>20,string,2<solidus>29<solidus>20,string,3<solidus>1<solidus>20,string,3<solidus>2<solidus>20,string,3<solidus>3<solidus>20,string,3<solidus>4<solidus>20,string,3<solidus>5<solidus>20,string,3<solidus>6<solidus>20,string,3<solidus>7<solidus>20,string'
2020-03-09 09:40:41|   0.1|  0.0|INFORM|mapping file Line 239: `CSV2_3_MERGE_DEF' `CSV2_3::CSV' `EXACT' `CSV' `DEFLINE' `fme_attribute_reading,defined,Province<solidus>State,string,Country<solidus>Region,string,Lat,string,Long,string,1<solidus>22<solidus>20,string,1<solidus>23<solidus>20,string,1<solidus>24<solidus>20,string,1<solidus>25<solidus>20,string,1<solidus>26<solidus>20,string,1<solidus>27<solidus>20,string,1<solidus>28<solidus>20,string,1<solidus>29<solidus>20,string,1<solidus>30<solidus>20,string,1<solidus>31<solidus>20,string,2<solidus>1<solidus>20,string,2<solidus>2<solidus>20,string,2<solidus>3<solidus>20,string,2<solidus>4<solidus>20,string,2<solidus>5<solidus>20,string,2<solidus>6<solidus>20,string,2<solidus>7<solidus>20,string,2<solidus>8<solidus>20,string,2<solidus>9<solidus>20,string,2<solidus>10<solidus>20,string,2<solidus>11<solidus>20,string,2<solidus>12<solidus>20,string,2<solidus>13<solidus>20,string,2<solidus>14<solidus>20,string,2<solidus>15<solidus>20,string,2<solidus>16<solidus>20,string,2<solidus>17<solidus>20,string,2<solidus>18<solidus>20,string,2<solidus>19<solidus>20,string,2<solidus>20<solidus>20,string,2<solidus>21<solidus>20,string,2<solidus>22<solidus>20,string,2<solidus>23<solidus>20,string,2<solidus>24<solidus>20,string,2<solidus>25<solidus>20,string,2<solidus>26<solidus>20,string,2<solidus>27<solidus>20,string,2<solidus>28<solidus>20,string,2<solidus>29<solidus>20,string,3<solidus>1<solidus>20,string,3<solidus>2<solidus>20,string,3<solidus>3<solidus>20,string,3<solidus>4<solidus>20,string,3<solidus>5<solidus>20,string,3<solidus>6<solidus>20,string,3<solidus>7<solidus>20,string'
2020-03-09 09:40:41|   0.1|  0.0|INFORM|mapping file Line 240: `FACTORY_DEF' `*' `TeeFactory' `FACTORY_NAME' `CSV (CSV2_2) Splitter' `INPUT' `FEATURE_TYPE' `CSV' `multi_reader_keyword' `CSV2_2' `@LogCount(PORT -1 2147549190)'
2020-03-09 09:40:41|   0.1|  0.0|INFORM|mapping file Line 241: `FACTORY_DEF' `*' `TeeFactory' `FACTORY_NAME' `CSV (CSV2_1) Splitter' `INPUT' `FEATURE_TYPE' `CSV' `multi_reader_keyword' `CSV2_1' `@LogCount(PORT -1 2147549186)'
2020-03-09 09:40:41|   0.1|  0.0|INFORM|mapping file Line 242: `FACTORY_DEF' `*' `TeeFactory' `FACTORY_NAME' `CSV (CSV2_3) Splitter' `INPUT' `FEATURE_TYPE' `CSV' `multi_reader_keyword' `CSV2_3' `@LogCount(PORT -1 2147549194)'
2020-03-09 09:40:41|   0.1|  0.0|INFORM|mapping file Line 243: `FACTORY_DEF' `*' `RecorderFactory' `FACTORY_NAME' `StringCaseChanger_OUTPUT_-1_36_Player' `FEATURE_FILE' `/tmp/wb-cache--T16695/Main_StringCaseChanger -1 34 fo 0 OUTPUT  0  fffb73abcf7e5b2b36a865c519f1905366d826ca.ffs' `MODE' `PLAYBACK' `OUTPUT' `RECORDED' `FEATURE_TYPE' `*' `@LogCount(LINK -1 36)' `@FeatureType(StringCaseChanger_OUTPUT)'
2020-03-09 09:40:41|   0.1|  0.0|INFORM|mapping file Line 244: `FACTORY_DEF' `*' `RoutingFactory' `FACTORY_NAME' `Destination Feature Type Routing Correlator' `COMMAND_PARM_EVALUATION' `SINGLE_PASS' `INPUT' `FEATURE_TYPE' `*' `ROUTE' `FME_GENERIC' `StringCaseChanger_OUTPUT' `TO' `CSV2' `__GO_TO_FINAL_OUTPUT_ROUTER__' `multi_writer_id,0,<at>SupplyAttributes<openparen>ENCODED<comma>__wb_out_feat_type__<comma>time_series_19-covid-merge<closeparen>' `GEOMETRY' `FEATURE_TYPE_ATTRIBUTE' `__wb_out_feat_type__' `OUTPUT' `ROUTED' `FEATURE_TYPE' `*' `OUTPUT' `NOT_ROUTED' `FEATURE_TYPE' `__nuke_me__' `@Tcl2(FME_StatMessage 818059 [FME_GetAttribute fme_template_feature_type] 818060 818061 fme_warn)'
2020-03-09 09:40:41|   0.1|  0.0|INFORM|mapping file Line 245: `FACTORY_DEF' `*' `TeeFactory' `FACTORY_NAME' `Final Output Nuker' `INPUT' `FEATURE_TYPE' `__nuke_me__'
2020-03-09 09:40:41|   0.1|  0.0|INFORM|mapping file Line 246: `CSV2_4_DEF' `time_series_19-covid-merge' `csv_existing_file_handling' `Yes' `csv_write_field_names' `firstrow' `TYPE' `string' `Province/State' `string' `Country/Region' `string' `Lat' `string' `Long' `string' `1/22/20' `string' `1/23/20' `string' `1/24/20' `string' `1/25/20' `string' `1/26/20' `string' `1/27/20' `string' `1/28/20' `string' `1/29/20' `string' `1/30/20' `string' `1/31/20' `string' `2/1/20' `string' `2/2/20' `string' `2/3/20' `string' `2/4/20' `string' `2/5/20' `string' `2/6/20' `string' `2/7/20' `string' `2/8/20' `string' `2/9/20' `string' `2/10/20' `string' `2/11/20' `string' `2/12/20' `string' `2/13/20' `string' `2/14/20' `string' `2/15/20' `string' `2/16/20' `string' `2/17/20' `string' `2/18/20' `string' `2/19/20' `string' `2/20/20' `string' `2/21/20' `string' `2/22/20' `string' `2/23/20' `string' `2/24/20' `string' `2/25/20' `string' `2/26/20' `string' `2/27/20' `string' `2/28/20' `string' `2/29/20' `string' `3/1/20' `string' `3/2/20' `string' `3/3/20' `string' `3/4/20' `string' `3/5/20' `string' `3/6/20' `string' `3/7/20' `string'
2020-03-09 09:40:41|   0.1|  0.0|INFORM|mapping file Line 247: `FME_USER_PYTHON' `No'
2020-03-09 09:40:41|   0.1|  0.0|INFORM|mapping file Line 248: `LOG_STANDARDOUT' `YES'
2020-03-09 09:40:41|   0.1|  0.0|INFORM|mapping file Line 249: `LogCountServerName' `{c87bcb63-11d1-4851-8954-c205e3e09e51}'
2020-03-09 09:40:41|   0.1|  0.0|INFORM|mapping file Line 250: `LOG_ENCODING' `UTF-8'
2020-03-09 09:40:41|   0.1|  0.0|INFORM|mapping file Line 251: `FME_HOME' `/opt/fme-desktop-2019/'
2020-03-09 09:40:41|   0.1|  0.0|INFORM|mapping file Keyword: `CSV2_1_DATA_START_LINE'                 occurs 1 time(s)
2020-03-09 09:40:41|   0.1|  0.0|INFORM|mapping file Keyword: `CSV2_4_DELIMITER'                       occurs 1 time(s)
2020-03-09 09:40:41|   0.1|  0.0|INFORM|mapping file Keyword: `CSV2_4_ENCODING'                        occurs 1 time(s)
2020-03-09 09:40:41|   0.1|  0.0|INFORM|mapping file Keyword: `MULTI_READER_TYPE{0}'                   occurs 1 time(s)
2020-03-09 09:40:41|   0.1|  0.0|INFORM|mapping file Keyword: `MULTI_READER_GEN_DIRECTIVES{1}'         occurs 1 time(s)
2020-03-09 09:40:41|   0.1|  0.0|INFORM|mapping file Keyword: `CSV2_1_DELIMITER'                       occurs 1 time(s)
2020-03-09 09:40:41|   0.1|  0.0|INFORM|mapping file Keyword: `CSV2_2_READER_META_ATTRIBUTES'          occurs 1 time(s)
2020-03-09 09:40:41|   0.1|  0.0|INFORM|mapping file Keyword: `CSV2_4_WRITE_BOM_FOR_UNICODE'           occurs 1 time(s)
2020-03-09 09:40:41|   0.1|  0.0|INFORM|mapping file Keyword: `CSV2_1_FEATURE_TYPE_NAME'               occurs 1 time(s)
2020-03-09 09:40:41|   0.1|  0.0|INFORM|mapping file Keyword: `CSV2_3_DELIMITER'                       occurs 1 time(s)
2020-03-09 09:40:41|   0.1|  0.0|INFORM|mapping file Keyword: `CSV2_1_SCAN_MAX_ROWS'                   occurs 1 time(s)
2020-03-09 09:40:41|   0.1|  0.0|INFORM|mapping file Keyword: `CSV2_1_DATASET'                         occurs 1 time(s)
2020-03-09 09:40:41|   0.1|  0.0|INFORM|mapping file Keyword: `CSV2_3_FIELD_QUALIFIER_ESCAPE_CHARACTER' occurs 1 time(s)
2020-03-09 09:40:41|   0.1|  0.0|INFORM|mapping file Keyword: `MULTI_READER_KEYWORD{1}'                occurs 1 time(s)
2020-03-09 09:40:41|   0.1|  0.0|INFORM|mapping file Keyword: `CSV2_4_DEF'                             occurs 1 time(s)
2020-03-09 09:40:41|   0.1|  0.0|INFORM|mapping file Keyword: `CSV2_3_SKIP_DUPLICATE_DELIMITERS'       occurs 1 time(s)
2020-03-09 09:40:41|   0.1|  0.0|INFORM|mapping file Keyword: `CSV2_2_ENFORCE_STRICT_SCHEMA'           occurs 1 time(s)
2020-03-09 09:40:41|   0.1|  0.0|INFORM|mapping file Keyword: `CSV2_2_GENERATE_FME_BUILD_NUM'          occurs 1 time(s)
2020-03-09 09:40:41|   0.1|  0.0|INFORM|mapping file Keyword: `CSV2_1_QUERY_FEATURE_TYPES_FOR_MERGE_FILTERS' occurs 1 time(s)
2020-03-09 09:40:41|   0.1|  0.0|INFORM|mapping file Keyword: `CSV2_4_COORDINATE_SYSTEM_GRANULARITY'   occurs 1 time(s)
2020-03-09 09:40:41|   0.1|  0.0|INFORM|mapping file Keyword: `CSV2_3_DATASET'                         occurs 1 time(s)
2020-03-09 09:40:41|   0.1|  0.0|INFORM|mapping file Keyword: `CSV2_2_DATA_START_LINE'                 occurs 1 time(s)
2020-03-09 09:40:41|   0.1|  0.0|INFORM|mapping file Keyword: `CSV2_1_FIELD_QUALIFIER_CHARACTER'       occurs 1 time(s)
2020-03-09 09:40:41|   0.1|  0.0|INFORM|mapping file Keyword: `MULTI_READER_FORMAT{0}'                 occurs 1 time(s)
2020-03-09 09:40:41|   0.1|  0.0|INFORM|mapping file Keyword: `CSV2_3_FEATURE_TYPE_NAME'               occurs 1 time(s)
2020-03-09 09:40:41|   0.1|  0.0|INFORM|mapping file Keyword: `CSV2_2_ATTRIBUTE_READING'               occurs 1 time(s)
2020-03-09 09:40:41|   0.1|  0.0|INFORM|mapping file Keyword: `CSV2_2_SCAN_MAX_ROWS'                   occurs 1 time(s)
2020-03-09 09:40:41|   0.1|  0.0|INFORM|mapping file Keyword: `CSV2_3_FIELD_QUALIFIER_CHARACTER'       occurs 1 time(s)
2020-03-09 09:40:41|   0.1|  0.0|INFORM|mapping file Keyword: `CSV2_3_TRIM_FIELD_NAME_QUALIFIERS'      occurs 1 time(s)
2020-03-09 09:40:41|   0.1|  0.0|INFORM|mapping file Keyword: `MULTI_READER_FORMAT{1}'                 occurs 1 time(s)
2020-03-09 09:40:41|   0.1|  0.0|INFORM|mapping file Keyword: `MULTI_WRITER_DATASET_ORDER'             occurs 1 time(s)
2020-03-09 09:40:41|   0.1|  0.0|INFORM|mapping file Keyword: `CSV2_2_FEATURE_TYPE_NAME'               occurs 1 time(s)
2020-03-09 09:40:41|   0.1|  0.0|INFORM|mapping file Keyword: `CSV2_1_NETWORK_AUTHENTICATION'          occurs 1 time(s)
2020-03-09 09:40:41|   0.1|  0.0|INFORM|mapping file Keyword: `FME_NAMES_UTF8'                         occurs 1 time(s)
2020-03-09 09:40:41|   0.1|  0.0|INFORM|mapping file Keyword: `CSV2_4_EXTENSION'                       occurs 1 time(s)
2020-03-09 09:40:41|   0.1|  0.0|INFORM|mapping file Keyword: `CSV2_4_FIELD_QUALIFIER_ESCAPE_CHARACTER' occurs 1 time(s)
2020-03-09 09:40:41|   0.1|  0.0|INFORM|mapping file Keyword: `CSV2_4_DATASET'                         occurs 1 time(s)
2020-03-09 09:40:41|   0.1|  0.0|INFORM|mapping file Keyword: `LOG_APPEND'                             occurs 1 time(s)
2020-03-09 09:40:41|   0.1|  0.0|INFORM|mapping file Keyword: `CSV2_1_EXPOSE_ATTRS_GROUP'              occurs 1 time(s)
2020-03-09 09:40:41|   0.1|  0.0|INFORM|mapping file Keyword: `LOG_MAX_RECORDED_FEATURES'              occurs 1 time(s)
2020-03-09 09:40:41|   0.1|  0.0|INFORM|mapping file Keyword: `MULTI_READER_TYPE{1}'                   occurs 1 time(s)
2020-03-09 09:40:41|   0.1|  0.0|INFORM|mapping file Keyword: `CSV2_2_CASE_SENSITIVE_FIELD_NAMES'      occurs 1 time(s)
2020-03-09 09:40:41|   0.1|  0.0|INFORM|mapping file Keyword: `CSV2_3_ENFORCE_STRICT_SCHEMA'           occurs 1 time(s)
2020-03-09 09:40:41|   0.1|  0.0|INFORM|mapping file Keyword: `CSV2_1_TRIM_FIELD_VALUE_QUALIFIERS'     occurs 1 time(s)
2020-03-09 09:40:41|   0.1|  0.0|INFORM|mapping file Keyword: `CSV2_1_ATTRIBUTE_READING'               occurs 1 time(s)
2020-03-09 09:40:41|   0.1|  0.0|INFORM|mapping file Keyword: `CSV2_3_NETWORK_AUTHENTICATION'          occurs 1 time(s)
2020-03-09 09:40:41|   0.1|  0.0|INFORM|mapping file Keyword: `CSV2_1_READER_META_ATTRIBUTES'          occurs 1 time(s)
2020-03-09 09:40:41|   0.1|  0.0|INFORM|mapping file Keyword: `CSV2_2_MERGE_DEF'                       occurs 1 time(s)
2020-03-09 09:40:41|   0.1|  0.0|INFORM|mapping file Keyword: `FME_REPROJECTION_ENGINE'                occurs 1 time(s)
2020-03-09 09:40:41|   0.1|  0.0|INFORM|mapping file Keyword: `CSV2_4_QUALIFY_FIELD_VALUES'            occurs 1 time(s)
2020-03-09 09:40:41|   0.1|  0.0|INFORM|mapping file Keyword: `CSV2_1_SCAN_TYPES'                      occurs 1 time(s)
2020-03-09 09:40:41|   0.1|  0.0|INFORM|mapping file Keyword: `CSV2_4_WRITE_SCHEMA_FILE'               occurs 1 time(s)
2020-03-09 09:40:41|   0.1|  0.0|INFORM|mapping file Keyword: `LOG_MAX_FEATURES'                       occurs 1 time(s)
2020-03-09 09:40:41|   0.1|  0.0|INFORM|mapping file Keyword: `CSV2_3_MERGE_DEF'                       occurs 1 time(s)
2020-03-09 09:40:41|   0.1|  0.0|INFORM|mapping file Keyword: `LogCountServerName'                     occurs 1 time(s)
2020-03-09 09:40:41|   0.1|  0.0|INFORM|mapping file Keyword: `MULTI_READER_GEN_DIRECTIVES{0}'         occurs 1 time(s)
2020-03-09 09:40:41|   0.1|  0.0|INFORM|mapping file Keyword: `CSV2_3_DATA_START_LINE'                 occurs 1 time(s)
2020-03-09 09:40:41|   0.1|  0.0|INFORM|mapping file Keyword: `CSV2_1_PRESERVE_SOURCE_ENCODING'        occurs 1 time(s)
2020-03-09 09:40:41|   0.1|  0.0|INFORM|mapping file Keyword: `CSV2_2_QUERY_FEATURE_TYPES_FOR_MERGE_FILTERS' occurs 1 time(s)
2020-03-09 09:40:41|   0.1|  0.0|INFORM|mapping file Keyword: `CSV2_2_ENCODING'                        occurs 1 time(s)
2020-03-09 09:40:41|   0.1|  0.0|INFORM|mapping file Keyword: `CSV2_2_FIELD_NAMES_LINE'                occurs 1 time(s)
2020-03-09 09:40:41|   0.1|  0.0|INFORM|mapping file Keyword: `CSV2_3_PRESERVE_SOURCE_ENCODING'        occurs 1 time(s)
2020-03-09 09:40:41|   0.1|  0.0|INFORM|mapping file Keyword: `LOG_FILTER_MASK'                        occurs 1 time(s)
2020-03-09 09:40:41|   0.1|  0.0|INFORM|mapping file Keyword: `CSV2_2_DELIMITER'                       occurs 1 time(s)
2020-03-09 09:40:41|   0.1|  0.0|INFORM|mapping file Keyword: `CSV2_1_ENCODING'                        occurs 1 time(s)
2020-03-09 09:40:41|   0.1|  0.0|INFORM|mapping file Keyword: `LOG_FILENAME'                           occurs 1 time(s)
2020-03-09 09:40:41|   0.1|  0.0|INFORM|mapping file Keyword: `MULTI_READER_KEYWORD{0}'                occurs 1 time(s)
2020-03-09 09:40:41|   0.1|  0.0|INFORM|mapping file Keyword: `CSV2_2_TRIM_FIELD_VALUE_QUALIFIERS'     occurs 1 time(s)
2020-03-09 09:40:41|   0.1|  0.0|INFORM|mapping file Keyword: `CSV2_3_FIELD_NAMES_LINE'                occurs 1 time(s)
2020-03-09 09:40:41|   0.1|  0.0|INFORM|mapping file Keyword: `FACTORY_DEF'                            occurs 8 time(s)
2020-03-09 09:40:41|   0.1|  0.0|INFORM|mapping file Keyword: `CSV2_1_FIELD_QUALIFIER_ESCAPE_CHARACTER' occurs 1 time(s)
2020-03-09 09:40:41|   0.1|  0.0|INFORM|mapping file Keyword: `CSV2_1_ENFORCE_STRICT_SCHEMA'           occurs 1 time(s)
2020-03-09 09:40:41|   0.1|  0.0|INFORM|mapping file Keyword: `CSV2_4_WRITE_FIELD_NAMES'               occurs 1 time(s)
2020-03-09 09:40:41|   0.1|  0.0|INFORM|mapping file Keyword: `FME_USER_PYTHON'                        occurs 1 time(s)
2020-03-09 09:40:41|   0.1|  0.0|INFORM|mapping file Keyword: `CSV2_4_FIELD_QUALIFIER_CHARACTER'       occurs 1 time(s)
2020-03-09 09:40:41|   0.1|  0.0|INFORM|mapping file Keyword: `FME_DEBUG'                              occurs 1 time(s)
2020-03-09 09:40:41|   0.1|  0.0|INFORM|mapping file Keyword: `LOG_ENCODING'                           occurs 1 time(s)
2020-03-09 09:40:41|   0.1|  0.0|INFORM|mapping file Keyword: `CSV2_1_SCAN_ADDITIONAL_FIELDS'          occurs 1 time(s)
2020-03-09 09:40:41|   0.1|  0.0|INFORM|mapping file Keyword: `CSV2_3_EXPOSE_ATTRS_GROUP'              occurs 1 time(s)
2020-03-09 09:40:41|   0.1|  0.0|INFORM|mapping file Keyword: `LOG_END_BANNER'                         occurs 5 time(s)
2020-03-09 09:40:41|   0.1|  0.0|INFORM|mapping file Keyword: `CSV2_4_EXISTING_FILE_HANDLING'          occurs 1 time(s)
2020-03-09 09:40:41|   0.1|  0.0|INFORM|mapping file Keyword: `CSV2_2_DATASET'                         occurs 1 time(s)
2020-03-09 09:40:41|   0.1|  0.0|INFORM|mapping file Keyword: `GUI'                                    occurs 110 time(s)
2020-03-09 09:40:41|   0.1|  0.0|INFORM|mapping file Keyword: `CSV2_3_CASE_SENSITIVE_FIELD_NAMES'      occurs 1 time(s)
2020-03-09 09:40:41|   0.1|  0.0|INFORM|mapping file Keyword: `MULTI_READER_TYPE{2}'                   occurs 1 time(s)
2020-03-09 09:40:41|   0.1|  0.0|INFORM|mapping file Keyword: `MULTI_WRITER_FIRST_WRITER_ID'           occurs 1 time(s)
2020-03-09 09:40:41|   0.1|  0.0|INFORM|mapping file Keyword: `CSV2_3_ATTRIBUTE_READING'               occurs 1 time(s)
2020-03-09 09:40:41|   0.1|  0.0|INFORM|mapping file Keyword: `CSV2_3_SCAN_TYPES'                      occurs 1 time(s)
2020-03-09 09:40:41|   0.1|  0.0|INFORM|mapping file Keyword: `FME_HOME'                               occurs 1 time(s)
2020-03-09 09:40:41|   0.1|  0.0|INFORM|mapping file Keyword: `CSV2_2_FIELD_QUALIFIER_CHARACTER'       occurs 1 time(s)
2020-03-09 09:40:41|   0.1|  0.0|INFORM|mapping file Keyword: `CSV2_3_GENERATE_FME_BUILD_NUM'          occurs 1 time(s)
2020-03-09 09:40:41|   0.1|  0.0|INFORM|mapping file Keyword: `LOG_STANDARDOUT'                        occurs 1 time(s)
2020-03-09 09:40:41|   0.1|  0.0|INFORM|mapping file Keyword: `FME_PYTHON_VERSION'                     occurs 1 time(s)
2020-03-09 09:40:41|   0.1|  0.0|INFORM|mapping file Keyword: `CSV2_1_GENERATE_FME_BUILD_NUM'          occurs 1 time(s)
2020-03-09 09:40:41|   0.1|  0.0|INFORM|mapping file Keyword: `READER_TYPE'                            occurs 1 time(s)
2020-03-09 09:40:41|   0.1|  0.0|INFORM|mapping file Keyword: `CSV2_2_SCAN_ADDITIONAL_FIELDS'          occurs 1 time(s)
2020-03-09 09:40:41|   0.1|  0.0|INFORM|mapping file Keyword: `CSV2_2_NETWORK_AUTHENTICATION'          occurs 1 time(s)
2020-03-09 09:40:41|   0.1|  0.0|INFORM|mapping file Keyword: `CSV2_3_SCAN_MAX_ROWS'                   occurs 1 time(s)
2020-03-09 09:40:41|   0.1|  0.0|INFORM|mapping file Keyword: `CSV2_2_TRIM_FIELD_NAME_QUALIFIERS'      occurs 1 time(s)
2020-03-09 09:40:41|   0.1|  0.0|INFORM|mapping file Keyword: `CSV2_4_QUALIFY_FIELD_NAMES'             occurs 1 time(s)
2020-03-09 09:40:41|   0.1|  0.0|INFORM|mapping file Keyword: `WRITER_TYPE'                            occurs 1 time(s)
2020-03-09 09:40:41|   0.1|  0.0|INFORM|mapping file Keyword: `CSV2_3_ENCODING'                        occurs 1 time(s)
2020-03-09 09:40:41|   0.1|  0.0|INFORM|mapping file Keyword: `CSV2_4_GENERATE_FME_BUILD_NUM'          occurs 1 time(s)
2020-03-09 09:40:41|   0.1|  0.0|INFORM|mapping file Keyword: `CSV2_2_SKIP_DUPLICATE_DELIMITERS'       occurs 1 time(s)
2020-03-09 09:40:41|   0.1|  0.0|INFORM|mapping file Keyword: `CSV2_3_SCAN_ADDITIONAL_FIELDS'          occurs 1 time(s)
2020-03-09 09:40:41|   0.1|  0.0|INFORM|mapping file Keyword: `CSV2_1_CASE_SENSITIVE_FIELD_NAMES'      occurs 1 time(s)
2020-03-09 09:40:41|   0.1|  0.0|INFORM|mapping file Keyword: `CSV2_1_SKIP_DUPLICATE_DELIMITERS'       occurs 1 time(s)
2020-03-09 09:40:41|   0.1|  0.0|INFORM|mapping file Keyword: `MULTI_WRITER_KEYWORD{0}'                occurs 1 time(s)
2020-03-09 09:40:41|   0.1|  0.0|INFORM|mapping file Keyword: `CSV2_2_SCAN_TYPES'                      occurs 1 time(s)
2020-03-09 09:40:41|   0.1|  0.0|INFORM|mapping file Keyword: `MULTI_READER_GEN_DIRECTIVES{2}'         occurs 1 time(s)
2020-03-09 09:40:41|   0.1|  0.0|INFORM|mapping file Keyword: `FME_STROKE_MAX_DEVIATION'               occurs 1 time(s)
2020-03-09 09:40:41|   0.1|  0.0|INFORM|mapping file Keyword: `MULTI_READER_KEYWORD{2}'                occurs 1 time(s)
2020-03-09 09:40:41|   0.1|  0.0|INFORM|mapping file Keyword: `CSV2_2_READ_SKIPPED_LINES'              occurs 1 time(s)
2020-03-09 09:40:41|   0.1|  0.0|INFORM|mapping file Keyword: `MULTI_READER_CONTINUE_ON_READER_FAILURE' occurs 1 time(s)
2020-03-09 09:40:41|   0.1|  0.0|INFORM|mapping file Keyword: `CSV2_2_PRESERVE_SOURCE_ENCODING'        occurs 1 time(s)
2020-03-09 09:40:41|   0.1|  0.0|INFORM|mapping file Keyword: `CSV2_4_EXISTING_SCHEMA_FILE_HANDLING'   occurs 1 time(s)
2020-03-09 09:40:41|   0.1|  0.0|INFORM|mapping file Keyword: `MULTI_READER_FORMAT{2}'                 occurs 1 time(s)
2020-03-09 09:40:41|   0.1|  0.0|INFORM|mapping file Keyword: `CSV2_3_READ_SKIPPED_LINES'              occurs 1 time(s)
2020-03-09 09:40:41|   0.1|  0.0|INFORM|mapping file Keyword: `CSV2_4_UNQUALIFIED_FIELD_VALUE_HANDLING' occurs 1 time(s)
2020-03-09 09:40:41|   0.1|  0.0|INFORM|mapping file Keyword: `CSV2_1_FIELD_NAMES_LINE'                occurs 1 time(s)
2020-03-09 09:40:41|   0.1|  0.0|INFORM|mapping file Keyword: `CSV2_3_QUERY_FEATURE_TYPES_FOR_MERGE_FILTERS' occurs 1 time(s)
2020-03-09 09:40:41|   0.1|  0.0|INFORM|mapping file Keyword: `CSV2_3_TRIM_FIELD_VALUE_QUALIFIERS'     occurs 1 time(s)
2020-03-09 09:40:41|   0.1|  0.0|INFORM|mapping file Keyword: `CSV2_2_FIELD_QUALIFIER_ESCAPE_CHARACTER' occurs 1 time(s)
2020-03-09 09:40:41|   0.1|  0.0|INFORM|mapping file Keyword: `CSV2_3_READER_META_ATTRIBUTES'          occurs 1 time(s)
2020-03-09 09:40:41|   0.1|  0.0|INFORM|mapping file Keyword: `CSV2_1_MERGE_DEF'                       occurs 1 time(s)
2020-03-09 09:40:41|   0.1|  0.0|INFORM|mapping file Keyword: `FME_GEOMETRY_HANDLING'                  occurs 1 time(s)
2020-03-09 09:40:41|   0.1|  0.0|INFORM|mapping file Keyword: `CSV2_1_READ_SKIPPED_LINES'              occurs 1 time(s)
2020-03-09 09:40:41|   0.1|  0.0|INFORM|mapping file Keyword: `CSV2_2_EXPOSE_ATTRS_GROUP'              occurs 1 time(s)
2020-03-09 09:40:41|   0.1|  0.0|INFORM|mapping file Keyword: `FME_IMPLICIT_CSMAP_REPROJECTION_MODE'   occurs 1 time(s)
2020-03-09 09:40:41|   0.1|  0.0|INFORM|mapping file Keyword: `MULTI_WRITER_TYPE{0}'                   occurs 1 time(s)
2020-03-09 09:40:41|   0.1|  0.0|INFORM|mapping file Keyword: `CSV2_1_TRIM_FIELD_NAME_QUALIFIERS'      occurs 1 time(s)
2020-03-09 09:40:41|   0.1|  0.0|INFORM|mapping file Keyword: `CSV2_4_ROW_TERMINATION'                 occurs 1 time(s)
2020-03-09 09:40:41|   0.1|  0.0|INFORM|Creating writer for format: 
2020-03-09 09:40:41|   0.1|  0.0|INFORM|Creating reader for format: 
2020-03-09 09:40:41|   0.1|  0.0|INFORM|MULTI_READER(MULTI_READER): Will fail with first member reader failure
2020-03-09 09:40:41|   0.1|  0.0|WARN  |No readers were found to be part of the Multi-Reader, so no data will be read.
2020-03-09 09:40:41|   0.1|  0.0|INFORM|Using Multi Reader with keyword `MULTI_READER' to read multiple datasets
2020-03-09 09:40:41|   0.1|  0.0|INFORM|Using MultiWriter with keyword `MULTI_WRITER' to output data (ID_ATTRIBUTE is `multi_writer_id')
2020-03-09 09:40:41|   0.1|  0.0|INFORM|Writer output will be ordered by value of multi_writer_id
2020-03-09 09:40:42|   0.7|  0.6|INFORM|LD_LIBRARY_PATH is '/opt/fme-desktop-2019//fmecore:/opt/fme-desktop-2019/fmecore'
2020-03-09 09:40:42|   0.7|  0.0|INFORM|Loaded module 'LogCount_func' from file '/opt/fme-desktop-2019/plugins/logcount_func.so'
2020-03-09 09:40:42|   0.7|  0.0|INFORM|FME API version of module 'LogCount_func' matches current internal version (3.8 20190820)
2020-03-09 09:40:42|   0.7|  0.0|INFORM|Emptying factory pipeline
2020-03-09 09:40:42|   0.7|  0.0|STATS |Router and Unexpected Input Remover (RoutingFactory): Tested 0 input feature(s), wrote 0 output feature(s): 0 matched merge filters, 0 were routed to output, 0 could not be routed.
2020-03-09 09:40:42|   0.7|  0.0|STATS |Unexpected Input Remover Nuker (TeeFactory): Cloned 0 input feature(s) into 0 output feature(s)
2020-03-09 09:40:42|   0.7|  0.0|STATS |CSV (CSV2_2) Splitter (TeeFactory): Cloned 0 input feature(s) into 0 output feature(s)
2020-03-09 09:40:42|   0.7|  0.0|STATS |CSV (CSV2_1) Splitter (TeeFactory): Cloned 0 input feature(s) into 0 output feature(s)
2020-03-09 09:40:42|   0.7|  0.0|STATS |CSV (CSV2_3) Splitter (TeeFactory): Cloned 0 input feature(s) into 0 output feature(s)
2020-03-09 09:40:42|   0.7|  0.0|STATS |Restoring 1 feature(s) from FME feature store file `/tmp/wb-cache--T16695/Main_StringCaseChanger -1 34 fo 0 OUTPUT  0  fffb73abcf7e5b2b36a865c519f1905366d826ca.ffs'
2020-03-09 09:40:42|   0.8|  0.1|INFORM|Creating writer for format: CSV (Comma Separated Value)
2020-03-09 09:40:42|   0.8|  0.0|INFORM|Trying to find a DYNAMIC plugin for writer named `CSV2'
2020-03-09 09:40:42|   0.8|  0.0|INFORM|Loaded module 'CSV2' from file '/opt/fme-desktop-2019/plugins/csv2.so'
2020-03-09 09:40:42|   0.8|  0.0|INFORM|FME API version of module 'CSV2' matches current internal version (3.8 20190820)
2020-03-09 09:40:42|   0.8|  0.0|INFORM|FME Configuration: No destination coordinate system set
2020-03-09 09:40:42|   0.8|  0.0|INFORM|FME API version of module 'CSV2' matches current internal version (3.8 20190820)
2020-03-09 09:40:42|   0.8|  0.0|INFORM|Writer `CSV2_4' of type `CSV2' using group definition keyword `CSV2_4_DEF'
2020-03-09 09:40:42|   0.8|  0.0|INFORM|FME API version of module 'CSV2' matches current internal version (3.8 20190820)
2020-03-09 09:40:42|   0.8|  0.0|INFORM|CSV writer: Directive '_EXTENSION' has the value 'csv'
2020-03-09 09:40:42|   0.8|  0.0|INFORM|CSV writer: Directive '_DELIMITER' has the value ','
2020-03-09 09:40:42|   0.8|  0.0|INFORM|CSV writer: Directive '_ENCODING' has the value 'UTF-8'
2020-03-09 09:40:42|   0.8|  0.0|INFORM|CSV writer: Directive '_WRITE_BOM_FOR_UNICODE' has the value 'Yes'
2020-03-09 09:40:42|   0.8|  0.0|INFORM|CSV writer: Directive '_QUALIFY_FIELD_NAMES' has the value 'if_needed'
2020-03-09 09:40:42|   0.8|  0.0|INFORM|CSV writer: Directive '_QUALIFY_FIELD_VALUES' has the value 'if_needed'
2020-03-09 09:40:42|   0.8|  0.0|INFORM|CSV writer: Directive '_FIELD_QUALIFIER_CHARACTER' has the value '"'
2020-03-09 09:40:42|   0.8|  0.0|INFORM|CSV writer: Directive '_FIELD_QUALIFIER_ESCAPE_CHARACTER' has the value '"'
2020-03-09 09:40:42|   0.8|  0.0|INFORM|CSV writer: Directive '_ROW_TERMINATION' has the value 'System'
2020-03-09 09:40:42|   0.8|  0.0|INFORM|CSV writer: Directive '_WRITE_SCHEMA_FILE' has the value 'NO'
2020-03-09 09:40:42|   0.8|  0.0|INFORM|CSV writer: Opening dataset '/home/vanguard/Dropbox/COVID-19/csse_covid_19_data/csse_covid_19_time_series/time_series_19-covid-merge.csv'
2020-03-09 09:40:42|   0.8|  0.0|INFORM|CSV writer: Writing 675 feature(s) to file '/home/vanguard/Dropbox/COVID-19/csse_covid_19_data/csse_covid_19_time_series/time_series_19-covid-merge.csv'
2020-03-09 09:40:42|   0.8|  0.0|INFORM|StringCaseChanger_OUTPUT_-1_36_Player (RecorderFactory): Played back 675 feature(s) from file `/tmp/wb-cache--T16695/Main_StringCaseChanger -1 34 fo 0 OUTPUT  0  fffb73abcf7e5b2b36a865c519f1905366d826ca.ffs'
2020-03-09 09:40:42|   0.8|  0.0|STATS |Destination Feature Type Routing Correlator (RoutingFactory): Tested 675 input feature(s), wrote 675 output feature(s): 0 matched merge filters, 675 were routed to output, 0 could not be routed.
2020-03-09 09:40:42|   0.8|  0.0|STATS |Final Output Nuker (TeeFactory): Cloned 0 input feature(s) into 0 output feature(s)
2020-03-09 09:40:42|   0.8|  0.0|INFORM|=-=-=-=-=-=-=-=-=-=-=-=-=-=-=-=-=-=-=-=-=-=-=-=-=-=-=-=-=-=-=-=-=-=-=-=-=-=-=-
2020-03-09 09:40:42|   0.8|  0.0|INFORM|Feature output statistics for `CSV2' writer using keyword `CSV2_4':
2020-03-09 09:40:42|   0.8|  0.0|STATS |=-=-=-=-=-=-=-=-=-=-=-=-=-=-=-=-=-=-=-=-=-=-=-=-=-=-=-=-=-=-=-=-=-=-=-=-=-=-=-
2020-03-09 09:40:42|   0.8|  0.0|STATS |                               Features Written
2020-03-09 09:40:42|   0.8|  0.0|STATS |=-=-=-=-=-=-=-=-=-=-=-=-=-=-=-=-=-=-=-=-=-=-=-=-=-=-=-=-=-=-=-=-=-=-=-=-=-=-=-
2020-03-09 09:40:42|   0.8|  0.0|STATS |time_series_19-covid-merge                                                 675
2020-03-09 09:40:42|   0.8|  0.0|STATS |==============================================================================
2020-03-09 09:40:42|   0.8|  0.0|STATS |Total Features Written                                                     675
2020-03-09 09:40:42|   0.8|  0.0|STATS |=-=-=-=-=-=-=-=-=-=-=-=-=-=-=-=-=-=-=-=-=-=-=-=-=-=-=-=-=-=-=-=-=-=-=-=-=-=-=-
2020-03-09 09:40:42|   0.8|  0.0|STATS |=-=-=-=-=-=-=-=-=-=-=-=-=-=-=-=-=-=-=-=-=-=-=-=-=-=-=-=-=-=-=-=-=-=-=-=-=-=-=-
2020-03-09 09:40:42|   0.8|  0.0|STATS |                            Features Read Summary
2020-03-09 09:40:42|   0.8|  0.0|STATS |=-=-=-=-=-=-=-=-=-=-=-=-=-=-=-=-=-=-=-=-=-=-=-=-=-=-=-=-=-=-=-=-=-=-=-=-=-=-=-
2020-03-09 09:40:42|   0.8|  0.0|STATS |==============================================================================
2020-03-09 09:40:42|   0.8|  0.0|STATS |Total Features Read                                                          0
2020-03-09 09:40:42|   0.8|  0.0|STATS |=-=-=-=-=-=-=-=-=-=-=-=-=-=-=-=-=-=-=-=-=-=-=-=-=-=-=-=-=-=-=-=-=-=-=-=-=-=-=-
2020-03-09 09:40:42|   0.8|  0.0|STATS |=-=-=-=-=-=-=-=-=-=-=-=-=-=-=-=-=-=-=-=-=-=-=-=-=-=-=-=-=-=-=-=-=-=-=-=-=-=-=-
2020-03-09 09:40:42|   0.8|  0.0|STATS |                           Features Written Summary
2020-03-09 09:40:42|   0.8|  0.0|STATS |=-=-=-=-=-=-=-=-=-=-=-=-=-=-=-=-=-=-=-=-=-=-=-=-=-=-=-=-=-=-=-=-=-=-=-=-=-=-=-
2020-03-09 09:40:42|   0.8|  0.0|STATS |time_series_19-covid-merge                                                 675
2020-03-09 09:40:42|   0.8|  0.0|STATS |==============================================================================
2020-03-09 09:40:42|   0.8|  0.0|STATS |Total Features Written                                                     675
2020-03-09 09:40:42|   0.8|  0.0|STATS |=-=-=-=-=-=-=-=-=-=-=-=-=-=-=-=-=-=-=-=-=-=-=-=-=-=-=-=-=-=-=-=-=-=-=-=-=-=-=-
2020-03-09 09:40:42|   0.8|  0.0|WARN  |-~-~-~-~-~-~-~-~-~-~-~-~-~-~-~-~-~-~-~-~-~-~-~-~-~-~-~-~-~-~-~-~-~-~-~-~-~-~-~-~-
2020-03-09 09:40:42|   0.8|  0.0|WARN  |-~                                                                             ~-
2020-03-09 09:40:42|   0.8|  0.0|WARN  |-~    Feature caches have been recorded at every stage of the translation.     ~-
2020-03-09 09:40:42|   0.8|  0.0|WARN  |-~                      To inspect the recorded features,                      ~-
2020-03-09 09:40:42|   0.8|  0.0|WARN  |-~              click the feature cache icons next to the ports.               ~-
2020-03-09 09:40:42|   0.8|  0.0|WARN  |-~                                                                             ~-
2020-03-09 09:40:42|   0.8|  0.0|WARN  |-~-~-~-~-~-~-~-~-~-~-~-~-~-~-~-~-~-~-~-~-~-~-~-~-~-~-~-~-~-~-~-~-~-~-~-~-~-~-~-~-
2020-03-09 09:40:42|   0.8|  0.0|INFORM|Translation was SUCCESSFUL with 8 warning(s) (675 feature(s) output)
2020-03-09 09:40:42|   0.8|  0.0|INFORM|FME Session Duration: 0.9 seconds. (CPU: 0.5s user, 0.3s system)
2020-03-09 09:40:42|   0.8|  0.0|INFORM|END - ProcessID: 31216, peak process memory usage: 25773 kB, current process memory usage: 20125 kB
